{"/Users/kdao/Prototypes/CMPE295/index.js":{"path":"/Users/kdao/Prototypes/CMPE295/index.js","s":{"1":1,"2":1,"3":1,"4":1,"5":1,"6":1,"7":0,"8":0,"9":0,"10":0,"11":0,"12":1,"13":0,"14":0,"15":1,"16":1,"17":1,"18":1,"19":1,"20":1,"21":1,"22":1,"23":1,"24":1,"25":1,"26":1,"27":1,"28":1,"29":1,"30":1,"31":1,"32":1,"33":1,"34":1,"35":1,"36":1,"37":1,"38":1,"39":1,"40":1,"41":1,"42":1,"43":1,"44":1,"45":1,"46":1,"47":1,"48":1,"49":1,"50":1,"51":1,"52":1,"53":1,"54":1,"55":1,"56":1,"57":1,"58":1,"59":0,"60":0,"61":0,"62":0,"63":0,"64":0,"65":1,"66":0,"67":0,"68":0,"69":0,"70":0,"71":0,"72":1,"73":0,"74":0,"75":0,"76":0,"77":0,"78":0,"79":1,"80":0,"81":0,"82":0,"83":0,"84":0,"85":0,"86":1,"87":0,"88":0,"89":1,"90":1,"91":1,"92":1,"93":1,"94":1,"95":1,"96":1,"97":1,"98":1,"99":1,"100":1,"101":1,"102":1,"103":1,"104":1,"105":1,"106":1,"107":1,"108":1,"109":1,"110":1,"111":1,"112":1,"113":1,"114":1},"b":{"1":[0,0],"2":[0,0],"3":[0,0],"4":[1,0],"5":[0,0],"6":[0,0],"7":[0,0],"8":[0,0],"9":[0,0],"10":[0,0],"11":[0,0],"12":[0,0],"13":[1,0]},"f":{"1":0,"2":0,"3":0,"4":0,"5":0,"6":0,"7":0,"8":1},"fnMap":{"1":{"name":"(anonymous_1)","line":51,"loc":{"start":{"line":51,"column":8},"end":{"line":51,"column":33}}},"2":{"name":"(anonymous_2)","line":60,"loc":{"start":{"line":60,"column":14},"end":{"line":60,"column":39}}},"3":{"name":"(anonymous_3)","line":159,"loc":{"start":{"line":159,"column":23},"end":{"line":159,"column":42}}},"4":{"name":"(anonymous_4)","line":171,"loc":{"start":{"line":171,"column":24},"end":{"line":171,"column":43}}},"5":{"name":"(anonymous_5)","line":183,"loc":{"start":{"line":183,"column":28},"end":{"line":183,"column":47}}},"6":{"name":"(anonymous_6)","line":195,"loc":{"start":{"line":195,"column":28},"end":{"line":195,"column":47}}},"7":{"name":"(anonymous_7)","line":207,"loc":{"start":{"line":207,"column":19},"end":{"line":207,"column":38}}},"8":{"name":"(anonymous_8)","line":246,"loc":{"start":{"line":246,"column":28},"end":{"line":246,"column":40}}}},"statementMap":{"1":{"start":{"line":14,"column":0},"end":{"line":14,"column":25}},"2":{"start":{"line":16,"column":0},"end":{"line":34,"column":60}},"3":{"start":{"line":36,"column":0},"end":{"line":36,"column":52}},"4":{"start":{"line":37,"column":0},"end":{"line":37,"column":26}},"5":{"start":{"line":39,"column":0},"end":{"line":39,"column":37}},"6":{"start":{"line":51,"column":0},"end":{"line":57,"column":3}},"7":{"start":{"line":52,"column":2},"end":{"line":52,"column":53}},"8":{"start":{"line":53,"column":2},"end":{"line":53,"column":49}},"9":{"start":{"line":54,"column":2},"end":{"line":54,"column":52}},"10":{"start":{"line":55,"column":2},"end":{"line":55,"column":53}},"11":{"start":{"line":56,"column":2},"end":{"line":56,"column":9}},"12":{"start":{"line":60,"column":0},"end":{"line":63,"column":3}},"13":{"start":{"line":61,"column":2},"end":{"line":61,"column":49}},"14":{"start":{"line":62,"column":2},"end":{"line":62,"column":9}},"15":{"start":{"line":66,"column":0},"end":{"line":78,"column":4}},"16":{"start":{"line":82,"column":0},"end":{"line":82,"column":43}},"17":{"start":{"line":83,"column":0},"end":{"line":89,"column":4}},"18":{"start":{"line":90,"column":0},"end":{"line":90,"column":30}},"19":{"start":{"line":93,"column":0},"end":{"line":93,"column":35}},"20":{"start":{"line":95,"column":0},"end":{"line":95,"column":23}},"21":{"start":{"line":96,"column":0},"end":{"line":96,"column":82}},"22":{"start":{"line":103,"column":0},"end":{"line":103,"column":48}},"23":{"start":{"line":104,"column":0},"end":{"line":104,"column":55}},"24":{"start":{"line":105,"column":0},"end":{"line":105,"column":51}},"25":{"start":{"line":106,"column":0},"end":{"line":106,"column":54}},"26":{"start":{"line":107,"column":0},"end":{"line":107,"column":57}},"27":{"start":{"line":110,"column":0},"end":{"line":110,"column":70}},"28":{"start":{"line":111,"column":0},"end":{"line":111,"column":67}},"29":{"start":{"line":112,"column":0},"end":{"line":112,"column":47}},"30":{"start":{"line":113,"column":0},"end":{"line":113,"column":46}},"31":{"start":{"line":114,"column":0},"end":{"line":114,"column":49}},"32":{"start":{"line":117,"column":0},"end":{"line":117,"column":48}},"33":{"start":{"line":118,"column":0},"end":{"line":118,"column":54}},"34":{"start":{"line":119,"column":0},"end":{"line":119,"column":57}},"35":{"start":{"line":122,"column":0},"end":{"line":122,"column":34}},"36":{"start":{"line":123,"column":0},"end":{"line":123,"column":37}},"37":{"start":{"line":124,"column":0},"end":{"line":124,"column":41}},"38":{"start":{"line":125,"column":0},"end":{"line":125,"column":43}},"39":{"start":{"line":128,"column":0},"end":{"line":128,"column":46}},"40":{"start":{"line":131,"column":0},"end":{"line":131,"column":55}},"41":{"start":{"line":132,"column":0},"end":{"line":132,"column":58}},"42":{"start":{"line":133,"column":0},"end":{"line":133,"column":61}},"43":{"start":{"line":134,"column":0},"end":{"line":134,"column":64}},"44":{"start":{"line":137,"column":0},"end":{"line":137,"column":57}},"45":{"start":{"line":138,"column":0},"end":{"line":138,"column":61}},"46":{"start":{"line":139,"column":0},"end":{"line":139,"column":60}},"47":{"start":{"line":140,"column":0},"end":{"line":140,"column":63}},"48":{"start":{"line":141,"column":0},"end":{"line":141,"column":66}},"49":{"start":{"line":144,"column":0},"end":{"line":144,"column":36}},"50":{"start":{"line":145,"column":0},"end":{"line":145,"column":39}},"51":{"start":{"line":146,"column":0},"end":{"line":146,"column":42}},"52":{"start":{"line":149,"column":0},"end":{"line":149,"column":41}},"53":{"start":{"line":150,"column":0},"end":{"line":150,"column":44}},"54":{"start":{"line":151,"column":0},"end":{"line":151,"column":42}},"55":{"start":{"line":154,"column":0},"end":{"line":154,"column":47}},"56":{"start":{"line":155,"column":0},"end":{"line":155,"column":49}},"57":{"start":{"line":156,"column":0},"end":{"line":156,"column":47}},"58":{"start":{"line":159,"column":0},"end":{"line":168,"column":3}},"59":{"start":{"line":160,"column":2},"end":{"line":160,"column":22}},"60":{"start":{"line":161,"column":2},"end":{"line":167,"column":3}},"61":{"start":{"line":162,"column":4},"end":{"line":162,"column":26}},"62":{"start":{"line":163,"column":9},"end":{"line":167,"column":3}},"63":{"start":{"line":164,"column":4},"end":{"line":164,"column":30}},"64":{"start":{"line":166,"column":4},"end":{"line":166,"column":56}},"65":{"start":{"line":171,"column":0},"end":{"line":180,"column":3}},"66":{"start":{"line":172,"column":2},"end":{"line":172,"column":22}},"67":{"start":{"line":173,"column":2},"end":{"line":179,"column":3}},"68":{"start":{"line":174,"column":4},"end":{"line":174,"column":30}},"69":{"start":{"line":175,"column":9},"end":{"line":179,"column":3}},"70":{"start":{"line":176,"column":4},"end":{"line":176,"column":33}},"71":{"start":{"line":178,"column":4},"end":{"line":178,"column":56}},"72":{"start":{"line":183,"column":0},"end":{"line":192,"column":3}},"73":{"start":{"line":184,"column":2},"end":{"line":184,"column":25}},"74":{"start":{"line":185,"column":2},"end":{"line":191,"column":3}},"75":{"start":{"line":186,"column":4},"end":{"line":186,"column":28}},"76":{"start":{"line":187,"column":9},"end":{"line":191,"column":3}},"77":{"start":{"line":188,"column":4},"end":{"line":188,"column":31}},"78":{"start":{"line":190,"column":4},"end":{"line":190,"column":56}},"79":{"start":{"line":195,"column":0},"end":{"line":204,"column":3}},"80":{"start":{"line":196,"column":2},"end":{"line":196,"column":25}},"81":{"start":{"line":197,"column":2},"end":{"line":203,"column":3}},"82":{"start":{"line":198,"column":4},"end":{"line":198,"column":30}},"83":{"start":{"line":199,"column":9},"end":{"line":203,"column":3}},"84":{"start":{"line":200,"column":4},"end":{"line":200,"column":33}},"85":{"start":{"line":202,"column":4},"end":{"line":202,"column":56}},"86":{"start":{"line":207,"column":0},"end":{"line":210,"column":3}},"87":{"start":{"line":208,"column":2},"end":{"line":208,"column":23}},"88":{"start":{"line":209,"column":2},"end":{"line":209,"column":25}},"89":{"start":{"line":213,"column":0},"end":{"line":213,"column":65}},"90":{"start":{"line":214,"column":0},"end":{"line":214,"column":54}},"91":{"start":{"line":215,"column":0},"end":{"line":215,"column":57}},"92":{"start":{"line":216,"column":0},"end":{"line":216,"column":60}},"93":{"start":{"line":222,"column":0},"end":{"line":222,"column":57}},"94":{"start":{"line":223,"column":0},"end":{"line":223,"column":63}},"95":{"start":{"line":224,"column":0},"end":{"line":224,"column":73}},"96":{"start":{"line":225,"column":0},"end":{"line":225,"column":89}},"97":{"start":{"line":226,"column":0},"end":{"line":226,"column":81}},"98":{"start":{"line":227,"column":0},"end":{"line":227,"column":79}},"99":{"start":{"line":228,"column":0},"end":{"line":228,"column":85}},"100":{"start":{"line":229,"column":0},"end":{"line":229,"column":75}},"101":{"start":{"line":230,"column":0},"end":{"line":230,"column":77}},"102":{"start":{"line":231,"column":0},"end":{"line":231,"column":77}},"103":{"start":{"line":232,"column":0},"end":{"line":232,"column":69}},"104":{"start":{"line":233,"column":0},"end":{"line":233,"column":67}},"105":{"start":{"line":234,"column":0},"end":{"line":234,"column":67}},"106":{"start":{"line":235,"column":0},"end":{"line":235,"column":73}},"107":{"start":{"line":236,"column":0},"end":{"line":236,"column":81}},"108":{"start":{"line":237,"column":0},"end":{"line":237,"column":63}},"109":{"start":{"line":238,"column":0},"end":{"line":238,"column":65}},"110":{"start":{"line":239,"column":0},"end":{"line":239,"column":73}},"111":{"start":{"line":240,"column":0},"end":{"line":240,"column":69}},"112":{"start":{"line":245,"column":0},"end":{"line":245,"column":42}},"113":{"start":{"line":246,"column":0},"end":{"line":248,"column":3}},"114":{"start":{"line":247,"column":2},"end":{"line":247,"column":57}}},"branchMap":{"1":{"line":52,"type":"binary-expr","locations":[{"start":{"line":52,"column":23},"end":{"line":52,"column":46}},{"start":{"line":52,"column":50},"end":{"line":52,"column":52}}]},"2":{"line":53,"type":"binary-expr","locations":[{"start":{"line":53,"column":21},"end":{"line":53,"column":42}},{"start":{"line":53,"column":46},"end":{"line":53,"column":48}}]},"3":{"line":54,"type":"binary-expr","locations":[{"start":{"line":54,"column":24},"end":{"line":54,"column":45}},{"start":{"line":54,"column":49},"end":{"line":54,"column":51}}]},"4":{"line":69,"type":"binary-expr","locations":[{"start":{"line":69,"column":35},"end":{"line":69,"column":51}},{"start":{"line":69,"column":55},"end":{"line":69,"column":61}}]},"5":{"line":161,"type":"if","locations":[{"start":{"line":161,"column":2},"end":{"line":161,"column":2}},{"start":{"line":161,"column":2},"end":{"line":161,"column":2}}]},"6":{"line":163,"type":"if","locations":[{"start":{"line":163,"column":9},"end":{"line":163,"column":9}},{"start":{"line":163,"column":9},"end":{"line":163,"column":9}}]},"7":{"line":173,"type":"if","locations":[{"start":{"line":173,"column":2},"end":{"line":173,"column":2}},{"start":{"line":173,"column":2},"end":{"line":173,"column":2}}]},"8":{"line":175,"type":"if","locations":[{"start":{"line":175,"column":9},"end":{"line":175,"column":9}},{"start":{"line":175,"column":9},"end":{"line":175,"column":9}}]},"9":{"line":185,"type":"if","locations":[{"start":{"line":185,"column":2},"end":{"line":185,"column":2}},{"start":{"line":185,"column":2},"end":{"line":185,"column":2}}]},"10":{"line":187,"type":"if","locations":[{"start":{"line":187,"column":9},"end":{"line":187,"column":9}},{"start":{"line":187,"column":9},"end":{"line":187,"column":9}}]},"11":{"line":197,"type":"if","locations":[{"start":{"line":197,"column":2},"end":{"line":197,"column":2}},{"start":{"line":197,"column":2},"end":{"line":197,"column":2}}]},"12":{"line":199,"type":"if","locations":[{"start":{"line":199,"column":9},"end":{"line":199,"column":9}},{"start":{"line":199,"column":9},"end":{"line":199,"column":9}}]},"13":{"line":245,"type":"binary-expr","locations":[{"start":{"line":245,"column":16},"end":{"line":245,"column":32}},{"start":{"line":245,"column":36},"end":{"line":245,"column":40}}]}}},"/Users/kdao/Prototypes/CMPE295/api.js":{"path":"/Users/kdao/Prototypes/CMPE295/api.js","s":{"1":1,"2":1,"3":1,"4":1,"5":1,"6":1,"7":1,"8":1,"9":1,"10":1,"11":1,"12":1,"13":1,"14":1,"15":1,"16":1,"17":1,"18":1,"19":1,"20":1,"21":1,"22":1,"23":1,"24":1,"25":1,"26":1,"27":1,"28":1,"29":1,"30":1,"31":1,"32":1,"33":1,"34":1,"35":1,"36":1,"37":1,"38":1,"39":1,"40":1,"41":1,"42":1,"43":1},"b":{},"f":{},"fnMap":{},"statementMap":{"1":{"start":{"line":3,"column":0},"end":{"line":14,"column":58}},"2":{"start":{"line":34,"column":0},"end":{"line":34,"column":45}},"3":{"start":{"line":54,"column":0},"end":{"line":54,"column":45}},"4":{"start":{"line":73,"column":0},"end":{"line":73,"column":46}},"5":{"start":{"line":97,"column":0},"end":{"line":97,"column":46}},"6":{"start":{"line":117,"column":0},"end":{"line":117,"column":46}},"7":{"start":{"line":137,"column":0},"end":{"line":137,"column":37}},"8":{"start":{"line":157,"column":0},"end":{"line":157,"column":37}},"9":{"start":{"line":181,"column":0},"end":{"line":181,"column":38}},"10":{"start":{"line":206,"column":0},"end":{"line":206,"column":38}},"11":{"start":{"line":221,"column":0},"end":{"line":221,"column":38}},"12":{"start":{"line":240,"column":0},"end":{"line":240,"column":35}},"13":{"start":{"line":264,"column":0},"end":{"line":264,"column":35}},"14":{"start":{"line":284,"column":0},"end":{"line":284,"column":31}},"15":{"start":{"line":309,"column":0},"end":{"line":309,"column":42}},"16":{"start":{"line":329,"column":0},"end":{"line":329,"column":46}},"17":{"start":{"line":350,"column":0},"end":{"line":350,"column":46}},"18":{"start":{"line":365,"column":0},"end":{"line":365,"column":33}},"19":{"start":{"line":384,"column":0},"end":{"line":384,"column":34}},"20":{"start":{"line":409,"column":0},"end":{"line":409,"column":34}},"21":{"start":{"line":428,"column":0},"end":{"line":428,"column":42}},"22":{"start":{"line":452,"column":0},"end":{"line":452,"column":42}},"23":{"start":{"line":472,"column":0},"end":{"line":472,"column":38}},"24":{"start":{"line":487,"column":0},"end":{"line":487,"column":42}},"25":{"start":{"line":502,"column":0},"end":{"line":502,"column":31}},"26":{"start":{"line":522,"column":0},"end":{"line":522,"column":32}},"27":{"start":{"line":547,"column":0},"end":{"line":547,"column":32}},"28":{"start":{"line":568,"column":0},"end":{"line":568,"column":32}},"29":{"start":{"line":588,"column":0},"end":{"line":588,"column":52}},"30":{"start":{"line":608,"column":0},"end":{"line":608,"column":52}},"31":{"start":{"line":627,"column":0},"end":{"line":627,"column":49}},"32":{"start":{"line":651,"column":0},"end":{"line":651,"column":56}},"33":{"start":{"line":670,"column":0},"end":{"line":670,"column":56}},"34":{"start":{"line":689,"column":0},"end":{"line":689,"column":42}},"35":{"start":{"line":713,"column":0},"end":{"line":713,"column":42}},"36":{"start":{"line":740,"column":0},"end":{"line":740,"column":51}},"37":{"start":{"line":759,"column":0},"end":{"line":759,"column":48}},"38":{"start":{"line":783,"column":0},"end":{"line":783,"column":55}},"39":{"start":{"line":803,"column":0},"end":{"line":803,"column":55}},"40":{"start":{"line":823,"column":0},"end":{"line":823,"column":48}},"41":{"start":{"line":842,"column":0},"end":{"line":842,"column":49}},"42":{"start":{"line":865,"column":0},"end":{"line":865,"column":49}},"43":{"start":{"line":884,"column":0},"end":{"line":884,"column":49}}},"branchMap":{}},"/Users/kdao/Prototypes/CMPE295/server/controllers/department.js":{"path":"/Users/kdao/Prototypes/CMPE295/server/controllers/department.js","s":{"1":1,"2":1,"3":1,"4":0,"5":0,"6":0,"7":0,"8":0,"9":0,"10":0,"11":0,"12":0,"13":0,"14":0,"15":0,"16":0,"17":0,"18":0,"19":0,"20":0,"21":0,"22":0},"b":{},"f":{"1":0,"2":0,"3":0,"4":0,"5":0,"6":0,"7":0,"8":0,"9":0,"10":0,"11":0,"12":0,"13":0,"14":0,"15":0},"fnMap":{"1":{"name":"(anonymous_1)","line":8,"loc":{"start":{"line":8,"column":8},"end":{"line":8,"column":19}}},"2":{"name":"(anonymous_2)","line":20,"loc":{"start":{"line":20,"column":12},"end":{"line":20,"column":37}}},"3":{"name":"(anonymous_3)","line":23,"loc":{"start":{"line":23,"column":13},"end":{"line":23,"column":30}}},"4":{"name":"(anonymous_4)","line":28,"loc":{"start":{"line":28,"column":6},"end":{"line":28,"column":17}}},"5":{"name":"(anonymous_5)","line":30,"loc":{"start":{"line":30,"column":10},"end":{"line":30,"column":32}}},"6":{"name":"(anonymous_6)","line":33,"loc":{"start":{"line":33,"column":11},"end":{"line":33,"column":28}}},"7":{"name":"(anonymous_7)","line":38,"loc":{"start":{"line":38,"column":9},"end":{"line":38,"column":20}}},"8":{"name":"(anonymous_8)","line":40,"loc":{"start":{"line":40,"column":10},"end":{"line":40,"column":33}}},"9":{"name":"(anonymous_9)","line":43,"loc":{"start":{"line":43,"column":11},"end":{"line":43,"column":28}}},"10":{"name":"(anonymous_10)","line":48,"loc":{"start":{"line":48,"column":8},"end":{"line":48,"column":19}}},"11":{"name":"(anonymous_11)","line":62,"loc":{"start":{"line":62,"column":10},"end":{"line":62,"column":36}}},"12":{"name":"(anonymous_12)","line":65,"loc":{"start":{"line":65,"column":11},"end":{"line":65,"column":28}}},"13":{"name":"(anonymous_13)","line":70,"loc":{"start":{"line":70,"column":8},"end":{"line":70,"column":19}}},"14":{"name":"(anonymous_14)","line":76,"loc":{"start":{"line":76,"column":10},"end":{"line":76,"column":36}}},"15":{"name":"(anonymous_15)","line":79,"loc":{"start":{"line":79,"column":11},"end":{"line":79,"column":28}}}},"statementMap":{"1":{"start":{"line":3,"column":0},"end":{"line":3,"column":51}},"2":{"start":{"line":4,"column":0},"end":{"line":4,"column":32}},"3":{"start":{"line":6,"column":0},"end":{"line":83,"column":2}},"4":{"start":{"line":9,"column":4},"end":{"line":9,"column":24}},"5":{"start":{"line":11,"column":4},"end":{"line":18,"column":6}},"6":{"start":{"line":19,"column":4},"end":{"line":25,"column":9}},"7":{"start":{"line":21,"column":8},"end":{"line":21,"column":44}},"8":{"start":{"line":24,"column":8},"end":{"line":24,"column":36}},"9":{"start":{"line":29,"column":4},"end":{"line":35,"column":7}},"10":{"start":{"line":31,"column":6},"end":{"line":31,"column":39}},"11":{"start":{"line":34,"column":6},"end":{"line":34,"column":34}},"12":{"start":{"line":39,"column":4},"end":{"line":45,"column":7}},"13":{"start":{"line":41,"column":6},"end":{"line":41,"column":40}},"14":{"start":{"line":44,"column":6},"end":{"line":44,"column":34}},"15":{"start":{"line":49,"column":4},"end":{"line":49,"column":24}},"16":{"start":{"line":50,"column":4},"end":{"line":56,"column":6}},"17":{"start":{"line":57,"column":4},"end":{"line":67,"column":7}},"18":{"start":{"line":63,"column":6},"end":{"line":63,"column":31}},"19":{"start":{"line":66,"column":6},"end":{"line":66,"column":34}},"20":{"start":{"line":71,"column":4},"end":{"line":81,"column":7}},"21":{"start":{"line":77,"column":6},"end":{"line":77,"column":31}},"22":{"start":{"line":80,"column":6},"end":{"line":80,"column":34}}},"branchMap":{}},"/Users/kdao/Prototypes/CMPE295/server/models/index.js":{"path":"/Users/kdao/Prototypes/CMPE295/server/models/index.js","s":{"1":1,"2":1,"3":1,"4":1,"5":1,"6":1,"7":1,"8":1,"9":0,"10":1,"11":1,"12":20,"13":19,"14":19,"15":1,"16":19,"17":19,"18":1,"19":1,"20":1},"b":{"1":[1,1],"2":[0,1],"3":[20,20,19],"4":[19,0]},"f":{"1":20,"2":19,"3":19},"fnMap":{"1":{"name":"(anonymous_1)","line":27,"loc":{"start":{"line":27,"column":10},"end":{"line":27,"column":25}}},"2":{"name":"(anonymous_2)","line":30,"loc":{"start":{"line":30,"column":11},"end":{"line":30,"column":26}}},"3":{"name":"(anonymous_3)","line":35,"loc":{"start":{"line":35,"column":24},"end":{"line":35,"column":44}}}},"statementMap":{"1":{"start":{"line":3,"column":0},"end":{"line":3,"column":30}},"2":{"start":{"line":4,"column":0},"end":{"line":4,"column":32}},"3":{"start":{"line":5,"column":0},"end":{"line":5,"column":37}},"4":{"start":{"line":6,"column":0},"end":{"line":6,"column":47}},"5":{"start":{"line":7,"column":0},"end":{"line":7,"column":54}},"6":{"start":{"line":8,"column":0},"end":{"line":8,"column":62}},"7":{"start":{"line":9,"column":0},"end":{"line":9,"column":19}},"8":{"start":{"line":19,"column":0},"end":{"line":23,"column":1}},"9":{"start":{"line":20,"column":2},"end":{"line":20,"column":70}},"10":{"start":{"line":22,"column":2},"end":{"line":22,"column":119}},"11":{"start":{"line":25,"column":0},"end":{"line":33,"column":5}},"12":{"start":{"line":28,"column":4},"end":{"line":28,"column":90}},"13":{"start":{"line":31,"column":4},"end":{"line":31,"column":64}},"14":{"start":{"line":32,"column":4},"end":{"line":32,"column":27}},"15":{"start":{"line":35,"column":0},"end":{"line":39,"column":3}},"16":{"start":{"line":36,"column":2},"end":{"line":38,"column":3}},"17":{"start":{"line":37,"column":4},"end":{"line":37,"column":32}},"18":{"start":{"line":41,"column":0},"end":{"line":41,"column":25}},"19":{"start":{"line":42,"column":0},"end":{"line":42,"column":25}},"20":{"start":{"line":44,"column":0},"end":{"line":44,"column":20}}},"branchMap":{"1":{"line":7,"type":"binary-expr","locations":[{"start":{"line":7,"column":16},"end":{"line":7,"column":36}},{"start":{"line":7,"column":40},"end":{"line":7,"column":53}}]},"2":{"line":19,"type":"if","locations":[{"start":{"line":19,"column":0},"end":{"line":19,"column":0}},{"start":{"line":19,"column":0},"end":{"line":19,"column":0}}]},"3":{"line":28,"type":"binary-expr","locations":[{"start":{"line":28,"column":12},"end":{"line":28,"column":35}},{"start":{"line":28,"column":41},"end":{"line":28,"column":58}},{"start":{"line":28,"column":64},"end":{"line":28,"column":88}}]},"4":{"line":36,"type":"if","locations":[{"start":{"line":36,"column":2},"end":{"line":36,"column":2}},{"start":{"line":36,"column":2},"end":{"line":36,"column":2}}]}}},"/Users/kdao/Prototypes/CMPE295/server/config/config.js":{"path":"/Users/kdao/Prototypes/CMPE295/server/config/config.js","s":{"1":1},"b":{},"f":{},"fnMap":{},"statementMap":{"1":{"start":{"line":1,"column":0},"end":{"line":22,"column":2}}},"branchMap":{}},"/Users/kdao/Prototypes/CMPE295/server/models/customer.js":{"path":"/Users/kdao/Prototypes/CMPE295/server/models/customer.js","s":{"1":1,"2":1,"3":1},"b":{},"f":{"1":1,"2":1},"fnMap":{"1":{"name":"(anonymous_1)","line":3,"loc":{"start":{"line":3,"column":17},"end":{"line":3,"column":48}}},"2":{"name":"(anonymous_2)","line":22,"loc":{"start":{"line":22,"column":17},"end":{"line":22,"column":34}}}},"statementMap":{"1":{"start":{"line":3,"column":0},"end":{"line":28,"column":2}},"2":{"start":{"line":4,"column":2},"end":{"line":26,"column":5}},"3":{"start":{"line":27,"column":2},"end":{"line":27,"column":19}}},"branchMap":{}},"/Users/kdao/Prototypes/CMPE295/server/models/department.js":{"path":"/Users/kdao/Prototypes/CMPE295/server/models/department.js","s":{"1":1,"2":1,"3":1},"b":{},"f":{"1":1,"2":1},"fnMap":{"1":{"name":"(anonymous_1)","line":3,"loc":{"start":{"line":3,"column":17},"end":{"line":3,"column":48}}},"2":{"name":"(anonymous_2)","line":23,"loc":{"start":{"line":23,"column":17},"end":{"line":23,"column":34}}}},"statementMap":{"1":{"start":{"line":3,"column":0},"end":{"line":29,"column":2}},"2":{"start":{"line":4,"column":2},"end":{"line":27,"column":5}},"3":{"start":{"line":28,"column":2},"end":{"line":28,"column":21}}},"branchMap":{}},"/Users/kdao/Prototypes/CMPE295/server/models/membership.js":{"path":"/Users/kdao/Prototypes/CMPE295/server/models/membership.js","s":{"1":1,"2":1,"3":1,"4":1,"5":1,"6":1},"b":{},"f":{"1":1,"2":1},"fnMap":{"1":{"name":"(anonymous_1)","line":3,"loc":{"start":{"line":3,"column":17},"end":{"line":3,"column":48}}},"2":{"name":"(anonymous_2)","line":36,"loc":{"start":{"line":36,"column":17},"end":{"line":36,"column":34}}}},"statementMap":{"1":{"start":{"line":3,"column":0},"end":{"line":45,"column":2}},"2":{"start":{"line":4,"column":2},"end":{"line":43,"column":5}},"3":{"start":{"line":38,"column":8},"end":{"line":38,"column":70}},"4":{"start":{"line":39,"column":8},"end":{"line":39,"column":71}},"5":{"start":{"line":40,"column":8},"end":{"line":40,"column":83}},"6":{"start":{"line":44,"column":2},"end":{"line":44,"column":21}}},"branchMap":{}},"/Users/kdao/Prototypes/CMPE295/server/models/notification.js":{"path":"/Users/kdao/Prototypes/CMPE295/server/models/notification.js","s":{"1":1,"2":1,"3":1},"b":{},"f":{"1":1,"2":1},"fnMap":{"1":{"name":"(anonymous_1)","line":3,"loc":{"start":{"line":3,"column":17},"end":{"line":3,"column":48}}},"2":{"name":"(anonymous_2)","line":22,"loc":{"start":{"line":22,"column":17},"end":{"line":22,"column":34}}}},"statementMap":{"1":{"start":{"line":3,"column":0},"end":{"line":28,"column":2}},"2":{"start":{"line":4,"column":2},"end":{"line":26,"column":5}},"3":{"start":{"line":27,"column":2},"end":{"line":27,"column":23}}},"branchMap":{}},"/Users/kdao/Prototypes/CMPE295/server/models/office.js":{"path":"/Users/kdao/Prototypes/CMPE295/server/models/office.js","s":{"1":1,"2":1,"3":1,"4":1},"b":{},"f":{"1":1,"2":1},"fnMap":{"1":{"name":"(anonymous_1)","line":3,"loc":{"start":{"line":3,"column":17},"end":{"line":3,"column":48}}},"2":{"name":"(anonymous_2)","line":31,"loc":{"start":{"line":31,"column":17},"end":{"line":31,"column":34}}}},"statementMap":{"1":{"start":{"line":3,"column":0},"end":{"line":38,"column":2}},"2":{"start":{"line":4,"column":2},"end":{"line":36,"column":5}},"3":{"start":{"line":33,"column":8},"end":{"line":33,"column":79}},"4":{"start":{"line":37,"column":2},"end":{"line":37,"column":17}}},"branchMap":{}},"/Users/kdao/Prototypes/CMPE295/server/models/permission.js":{"path":"/Users/kdao/Prototypes/CMPE295/server/models/permission.js","s":{"1":1,"2":1,"3":1},"b":{},"f":{"1":1,"2":1},"fnMap":{"1":{"name":"(anonymous_1)","line":3,"loc":{"start":{"line":3,"column":17},"end":{"line":3,"column":48}}},"2":{"name":"(anonymous_2)","line":15,"loc":{"start":{"line":15,"column":17},"end":{"line":15,"column":34}}}},"statementMap":{"1":{"start":{"line":3,"column":0},"end":{"line":22,"column":2}},"2":{"start":{"line":4,"column":2},"end":{"line":20,"column":5}},"3":{"start":{"line":21,"column":2},"end":{"line":21,"column":21}}},"branchMap":{}},"/Users/kdao/Prototypes/CMPE295/server/models/process.js":{"path":"/Users/kdao/Prototypes/CMPE295/server/models/process.js","s":{"1":1,"2":1,"3":1,"4":1,"5":1,"6":1},"b":{},"f":{"1":1,"2":1},"fnMap":{"1":{"name":"(anonymous_1)","line":3,"loc":{"start":{"line":3,"column":17},"end":{"line":3,"column":48}}},"2":{"name":"(anonymous_2)","line":37,"loc":{"start":{"line":37,"column":17},"end":{"line":37,"column":34}}}},"statementMap":{"1":{"start":{"line":3,"column":0},"end":{"line":46,"column":2}},"2":{"start":{"line":4,"column":2},"end":{"line":44,"column":5}},"3":{"start":{"line":39,"column":8},"end":{"line":39,"column":81}},"4":{"start":{"line":40,"column":8},"end":{"line":40,"column":77}},"5":{"start":{"line":41,"column":8},"end":{"line":41,"column":81}},"6":{"start":{"line":45,"column":2},"end":{"line":45,"column":19}}},"branchMap":{}},"/Users/kdao/Prototypes/CMPE295/server/models/process_admin.js":{"path":"/Users/kdao/Prototypes/CMPE295/server/models/process_admin.js","s":{"1":1,"2":1,"3":1,"4":1,"5":1},"b":{},"f":{"1":1,"2":1},"fnMap":{"1":{"name":"(anonymous_1)","line":3,"loc":{"start":{"line":3,"column":17},"end":{"line":3,"column":48}}},"2":{"name":"(anonymous_2)","line":21,"loc":{"start":{"line":21,"column":17},"end":{"line":21,"column":34}}}},"statementMap":{"1":{"start":{"line":3,"column":0},"end":{"line":37,"column":2}},"2":{"start":{"line":4,"column":2},"end":{"line":35,"column":5}},"3":{"start":{"line":23,"column":8},"end":{"line":23,"column":79}},"4":{"start":{"line":24,"column":8},"end":{"line":24,"column":72}},"5":{"start":{"line":36,"column":2},"end":{"line":36,"column":22}}},"branchMap":{}},"/Users/kdao/Prototypes/CMPE295/server/models/process_file.js":{"path":"/Users/kdao/Prototypes/CMPE295/server/models/process_file.js","s":{"1":1,"2":1,"3":1,"4":1},"b":{},"f":{"1":1,"2":1},"fnMap":{"1":{"name":"(anonymous_1)","line":3,"loc":{"start":{"line":3,"column":17},"end":{"line":3,"column":48}}},"2":{"name":"(anonymous_2)","line":21,"loc":{"start":{"line":21,"column":17},"end":{"line":21,"column":34}}}},"statementMap":{"1":{"start":{"line":3,"column":0},"end":{"line":28,"column":2}},"2":{"start":{"line":4,"column":2},"end":{"line":26,"column":5}},"3":{"start":{"line":23,"column":8},"end":{"line":23,"column":79}},"4":{"start":{"line":27,"column":2},"end":{"line":27,"column":22}}},"branchMap":{}},"/Users/kdao/Prototypes/CMPE295/server/models/process_note.js":{"path":"/Users/kdao/Prototypes/CMPE295/server/models/process_note.js","s":{"1":1,"2":1,"3":1,"4":1,"5":1},"b":{},"f":{"1":1,"2":1},"fnMap":{"1":{"name":"(anonymous_1)","line":3,"loc":{"start":{"line":3,"column":17},"end":{"line":3,"column":48}}},"2":{"name":"(anonymous_2)","line":27,"loc":{"start":{"line":27,"column":17},"end":{"line":27,"column":34}}}},"statementMap":{"1":{"start":{"line":3,"column":0},"end":{"line":35,"column":2}},"2":{"start":{"line":4,"column":2},"end":{"line":33,"column":5}},"3":{"start":{"line":29,"column":8},"end":{"line":29,"column":79}},"4":{"start":{"line":30,"column":8},"end":{"line":30,"column":75}},"5":{"start":{"line":34,"column":2},"end":{"line":34,"column":22}}},"branchMap":{}},"/Users/kdao/Prototypes/CMPE295/server/models/process_type.js":{"path":"/Users/kdao/Prototypes/CMPE295/server/models/process_type.js","s":{"1":1,"2":1,"3":1,"4":1},"b":{},"f":{"1":1,"2":1},"fnMap":{"1":{"name":"(anonymous_1)","line":3,"loc":{"start":{"line":3,"column":17},"end":{"line":3,"column":48}}},"2":{"name":"(anonymous_2)","line":22,"loc":{"start":{"line":22,"column":17},"end":{"line":22,"column":34}}}},"statementMap":{"1":{"start":{"line":3,"column":0},"end":{"line":29,"column":2}},"2":{"start":{"line":4,"column":2},"end":{"line":27,"column":5}},"3":{"start":{"line":24,"column":8},"end":{"line":24,"column":83}},"4":{"start":{"line":28,"column":2},"end":{"line":28,"column":22}}},"branchMap":{}},"/Users/kdao/Prototypes/CMPE295/server/models/role.js":{"path":"/Users/kdao/Prototypes/CMPE295/server/models/role.js","s":{"1":1,"2":1,"3":1},"b":{},"f":{"1":1,"2":1},"fnMap":{"1":{"name":"(anonymous_1)","line":3,"loc":{"start":{"line":3,"column":17},"end":{"line":3,"column":48}}},"2":{"name":"(anonymous_2)","line":14,"loc":{"start":{"line":14,"column":17},"end":{"line":14,"column":34}}}},"statementMap":{"1":{"start":{"line":3,"column":0},"end":{"line":21,"column":2}},"2":{"start":{"line":4,"column":2},"end":{"line":19,"column":5}},"3":{"start":{"line":20,"column":2},"end":{"line":20,"column":15}}},"branchMap":{}},"/Users/kdao/Prototypes/CMPE295/server/models/statetype.js":{"path":"/Users/kdao/Prototypes/CMPE295/server/models/statetype.js","s":{"1":1,"2":1,"3":1},"b":{},"f":{"1":1,"2":1},"fnMap":{"1":{"name":"(anonymous_1)","line":3,"loc":{"start":{"line":3,"column":17},"end":{"line":3,"column":48}}},"2":{"name":"(anonymous_2)","line":14,"loc":{"start":{"line":14,"column":17},"end":{"line":14,"column":34}}}},"statementMap":{"1":{"start":{"line":3,"column":0},"end":{"line":21,"column":2}},"2":{"start":{"line":4,"column":2},"end":{"line":19,"column":5}},"3":{"start":{"line":20,"column":2},"end":{"line":20,"column":20}}},"branchMap":{}},"/Users/kdao/Prototypes/CMPE295/server/models/tag.js":{"path":"/Users/kdao/Prototypes/CMPE295/server/models/tag.js","s":{"1":1,"2":1,"3":1},"b":{},"f":{"1":1,"2":1},"fnMap":{"1":{"name":"(anonymous_1)","line":3,"loc":{"start":{"line":3,"column":17},"end":{"line":3,"column":48}}},"2":{"name":"(anonymous_2)","line":16,"loc":{"start":{"line":16,"column":17},"end":{"line":16,"column":34}}}},"statementMap":{"1":{"start":{"line":3,"column":0},"end":{"line":23,"column":2}},"2":{"start":{"line":4,"column":2},"end":{"line":21,"column":5}},"3":{"start":{"line":22,"column":2},"end":{"line":22,"column":14}}},"branchMap":{}},"/Users/kdao/Prototypes/CMPE295/server/models/user.js":{"path":"/Users/kdao/Prototypes/CMPE295/server/models/user.js","s":{"1":1,"2":1,"3":1},"b":{},"f":{"1":1,"2":1},"fnMap":{"1":{"name":"(anonymous_1)","line":3,"loc":{"start":{"line":3,"column":17},"end":{"line":3,"column":48}}},"2":{"name":"(anonymous_2)","line":23,"loc":{"start":{"line":23,"column":17},"end":{"line":23,"column":34}}}},"statementMap":{"1":{"start":{"line":3,"column":0},"end":{"line":29,"column":2}},"2":{"start":{"line":4,"column":2},"end":{"line":27,"column":5}},"3":{"start":{"line":28,"column":2},"end":{"line":28,"column":15}}},"branchMap":{}},"/Users/kdao/Prototypes/CMPE295/server/models/workflow.js":{"path":"/Users/kdao/Prototypes/CMPE295/server/models/workflow.js","s":{"1":1,"2":1,"3":1,"4":1,"5":1},"b":{},"f":{"1":1,"2":1},"fnMap":{"1":{"name":"(anonymous_1)","line":3,"loc":{"start":{"line":3,"column":17},"end":{"line":3,"column":48}}},"2":{"name":"(anonymous_2)","line":30,"loc":{"start":{"line":30,"column":17},"end":{"line":30,"column":34}}}},"statementMap":{"1":{"start":{"line":3,"column":0},"end":{"line":38,"column":2}},"2":{"start":{"line":4,"column":2},"end":{"line":36,"column":5}},"3":{"start":{"line":32,"column":8},"end":{"line":32,"column":76}},"4":{"start":{"line":33,"column":8},"end":{"line":33,"column":80}},"5":{"start":{"line":37,"column":2},"end":{"line":37,"column":19}}},"branchMap":{}},"/Users/kdao/Prototypes/CMPE295/server/models/workflow_customer.js":{"path":"/Users/kdao/Prototypes/CMPE295/server/models/workflow_customer.js","s":{"1":1,"2":1,"3":1,"4":1,"5":1},"b":{},"f":{"1":1,"2":1},"fnMap":{"1":{"name":"(anonymous_1)","line":3,"loc":{"start":{"line":3,"column":17},"end":{"line":3,"column":48}}},"2":{"name":"(anonymous_2)","line":21,"loc":{"start":{"line":21,"column":17},"end":{"line":21,"column":34}}}},"statementMap":{"1":{"start":{"line":3,"column":0},"end":{"line":30,"column":2}},"2":{"start":{"line":4,"column":2},"end":{"line":28,"column":5}},"3":{"start":{"line":23,"column":8},"end":{"line":23,"column":83}},"4":{"start":{"line":24,"column":8},"end":{"line":24,"column":83}},"5":{"start":{"line":29,"column":2},"end":{"line":29,"column":25}}},"branchMap":{}},"/Users/kdao/Prototypes/CMPE295/server/models/workflow_file.js":{"path":"/Users/kdao/Prototypes/CMPE295/server/models/workflow_file.js","s":{"1":1,"2":1,"3":1},"b":{},"f":{"1":1,"2":1},"fnMap":{"1":{"name":"(anonymous_1)","line":3,"loc":{"start":{"line":3,"column":17},"end":{"line":3,"column":48}}},"2":{"name":"(anonymous_2)","line":21,"loc":{"start":{"line":21,"column":17},"end":{"line":21,"column":34}}}},"statementMap":{"1":{"start":{"line":3,"column":0},"end":{"line":27,"column":2}},"2":{"start":{"line":4,"column":2},"end":{"line":25,"column":5}},"3":{"start":{"line":26,"column":2},"end":{"line":26,"column":23}}},"branchMap":{}},"/Users/kdao/Prototypes/CMPE295/server/models/workflow_type.js":{"path":"/Users/kdao/Prototypes/CMPE295/server/models/workflow_type.js","s":{"1":1,"2":1,"3":1,"4":1,"5":1},"b":{},"f":{"1":1,"2":1},"fnMap":{"1":{"name":"(anonymous_1)","line":5,"loc":{"start":{"line":5,"column":17},"end":{"line":5,"column":48}}},"2":{"name":"(anonymous_2)","line":24,"loc":{"start":{"line":24,"column":17},"end":{"line":24,"column":34}}}},"statementMap":{"1":{"start":{"line":3,"column":0},"end":{"line":3,"column":42}},"2":{"start":{"line":5,"column":0},"end":{"line":31,"column":2}},"3":{"start":{"line":6,"column":2},"end":{"line":29,"column":5}},"4":{"start":{"line":26,"column":8},"end":{"line":26,"column":70}},"5":{"start":{"line":30,"column":2},"end":{"line":30,"column":23}}},"branchMap":{}},"/Users/kdao/Prototypes/CMPE295/server/controllers/office.js":{"path":"/Users/kdao/Prototypes/CMPE295/server/controllers/office.js","s":{"1":1,"2":1,"3":1,"4":1,"5":0,"6":0,"7":0,"8":0,"9":0,"10":0,"11":0,"12":0,"13":0,"14":0,"15":0,"16":0,"17":0,"18":0,"19":0,"20":0,"21":0,"22":0,"23":0},"b":{},"f":{"1":0,"2":0,"3":0,"4":0,"5":0,"6":0,"7":0,"8":0,"9":0,"10":0,"11":0,"12":0,"13":0,"14":0,"15":0},"fnMap":{"1":{"name":"(anonymous_1)","line":9,"loc":{"start":{"line":9,"column":8},"end":{"line":9,"column":19}}},"2":{"name":"(anonymous_2)","line":21,"loc":{"start":{"line":21,"column":12},"end":{"line":21,"column":33}}},"3":{"name":"(anonymous_3)","line":24,"loc":{"start":{"line":24,"column":13},"end":{"line":24,"column":30}}},"4":{"name":"(anonymous_4)","line":29,"loc":{"start":{"line":29,"column":8},"end":{"line":29,"column":19}}},"5":{"name":"(anonymous_5)","line":43,"loc":{"start":{"line":43,"column":10},"end":{"line":43,"column":36}}},"6":{"name":"(anonymous_6)","line":46,"loc":{"start":{"line":46,"column":11},"end":{"line":46,"column":28}}},"7":{"name":"(anonymous_7)","line":51,"loc":{"start":{"line":51,"column":9},"end":{"line":51,"column":20}}},"8":{"name":"(anonymous_8)","line":57,"loc":{"start":{"line":57,"column":10},"end":{"line":57,"column":29}}},"9":{"name":"(anonymous_9)","line":60,"loc":{"start":{"line":60,"column":11},"end":{"line":60,"column":28}}},"10":{"name":"(anonymous_10)","line":65,"loc":{"start":{"line":65,"column":6},"end":{"line":65,"column":17}}},"11":{"name":"(anonymous_11)","line":72,"loc":{"start":{"line":72,"column":10},"end":{"line":72,"column":28}}},"12":{"name":"(anonymous_12)","line":75,"loc":{"start":{"line":75,"column":11},"end":{"line":75,"column":28}}},"13":{"name":"(anonymous_13)","line":80,"loc":{"start":{"line":80,"column":8},"end":{"line":80,"column":19}}},"14":{"name":"(anonymous_14)","line":86,"loc":{"start":{"line":86,"column":10},"end":{"line":86,"column":36}}},"15":{"name":"(anonymous_15)","line":89,"loc":{"start":{"line":89,"column":11},"end":{"line":89,"column":28}}}},"statementMap":{"1":{"start":{"line":3,"column":0},"end":{"line":3,"column":43}},"2":{"start":{"line":4,"column":0},"end":{"line":4,"column":32}},"3":{"start":{"line":5,"column":0},"end":{"line":5,"column":51}},"4":{"start":{"line":7,"column":0},"end":{"line":94,"column":2}},"5":{"start":{"line":10,"column":4},"end":{"line":10,"column":24}},"6":{"start":{"line":11,"column":4},"end":{"line":19,"column":6}},"7":{"start":{"line":20,"column":4},"end":{"line":26,"column":9}},"8":{"start":{"line":22,"column":8},"end":{"line":22,"column":40}},"9":{"start":{"line":25,"column":8},"end":{"line":25,"column":36}},"10":{"start":{"line":30,"column":4},"end":{"line":30,"column":24}},"11":{"start":{"line":31,"column":4},"end":{"line":37,"column":6}},"12":{"start":{"line":38,"column":4},"end":{"line":48,"column":7}},"13":{"start":{"line":44,"column":6},"end":{"line":44,"column":31}},"14":{"start":{"line":47,"column":6},"end":{"line":47,"column":34}},"15":{"start":{"line":52,"column":4},"end":{"line":62,"column":7}},"16":{"start":{"line":58,"column":6},"end":{"line":58,"column":36}},"17":{"start":{"line":61,"column":6},"end":{"line":61,"column":34}},"18":{"start":{"line":66,"column":4},"end":{"line":77,"column":7}},"19":{"start":{"line":73,"column":6},"end":{"line":73,"column":35}},"20":{"start":{"line":76,"column":6},"end":{"line":76,"column":34}},"21":{"start":{"line":81,"column":4},"end":{"line":91,"column":7}},"22":{"start":{"line":87,"column":6},"end":{"line":87,"column":31}},"23":{"start":{"line":90,"column":6},"end":{"line":90,"column":34}}},"branchMap":{}},"/Users/kdao/Prototypes/CMPE295/server/controllers/tag.js":{"path":"/Users/kdao/Prototypes/CMPE295/server/controllers/tag.js","s":{"1":1,"2":1,"3":1,"4":0,"5":0,"6":0,"7":0,"8":0,"9":0,"10":0,"11":0,"12":0,"13":0,"14":0,"15":0,"16":0,"17":0,"18":0,"19":0},"b":{},"f":{"1":0,"2":0,"3":0,"4":0,"5":0,"6":0,"7":0,"8":0,"9":0,"10":0,"11":0,"12":0},"fnMap":{"1":{"name":"(anonymous_1)","line":8,"loc":{"start":{"line":8,"column":8},"end":{"line":8,"column":19}}},"2":{"name":"(anonymous_2)","line":17,"loc":{"start":{"line":17,"column":12},"end":{"line":17,"column":30}}},"3":{"name":"(anonymous_3)","line":20,"loc":{"start":{"line":20,"column":13},"end":{"line":20,"column":30}}},"4":{"name":"(anonymous_4)","line":25,"loc":{"start":{"line":25,"column":9},"end":{"line":25,"column":20}}},"5":{"name":"(anonymous_5)","line":27,"loc":{"start":{"line":27,"column":10},"end":{"line":27,"column":26}}},"6":{"name":"(anonymous_6)","line":30,"loc":{"start":{"line":30,"column":11},"end":{"line":30,"column":28}}},"7":{"name":"(anonymous_7)","line":35,"loc":{"start":{"line":35,"column":8},"end":{"line":35,"column":19}}},"8":{"name":"(anonymous_8)","line":47,"loc":{"start":{"line":47,"column":10},"end":{"line":47,"column":36}}},"9":{"name":"(anonymous_9)","line":50,"loc":{"start":{"line":50,"column":11},"end":{"line":50,"column":28}}},"10":{"name":"(anonymous_10)","line":55,"loc":{"start":{"line":55,"column":8},"end":{"line":55,"column":19}}},"11":{"name":"(anonymous_11)","line":61,"loc":{"start":{"line":61,"column":10},"end":{"line":61,"column":36}}},"12":{"name":"(anonymous_12)","line":64,"loc":{"start":{"line":64,"column":11},"end":{"line":64,"column":28}}}},"statementMap":{"1":{"start":{"line":3,"column":0},"end":{"line":3,"column":37}},"2":{"start":{"line":4,"column":0},"end":{"line":4,"column":32}},"3":{"start":{"line":6,"column":0},"end":{"line":69,"column":2}},"4":{"start":{"line":9,"column":4},"end":{"line":9,"column":24}},"5":{"start":{"line":10,"column":4},"end":{"line":15,"column":6}},"6":{"start":{"line":16,"column":4},"end":{"line":22,"column":9}},"7":{"start":{"line":18,"column":8},"end":{"line":18,"column":37}},"8":{"start":{"line":21,"column":8},"end":{"line":21,"column":36}},"9":{"start":{"line":26,"column":4},"end":{"line":32,"column":7}},"10":{"start":{"line":28,"column":6},"end":{"line":28,"column":33}},"11":{"start":{"line":31,"column":6},"end":{"line":31,"column":34}},"12":{"start":{"line":36,"column":4},"end":{"line":36,"column":24}},"13":{"start":{"line":37,"column":4},"end":{"line":41,"column":6}},"14":{"start":{"line":42,"column":4},"end":{"line":52,"column":7}},"15":{"start":{"line":48,"column":6},"end":{"line":48,"column":31}},"16":{"start":{"line":51,"column":6},"end":{"line":51,"column":34}},"17":{"start":{"line":56,"column":4},"end":{"line":66,"column":7}},"18":{"start":{"line":62,"column":6},"end":{"line":62,"column":31}},"19":{"start":{"line":65,"column":6},"end":{"line":65,"column":34}}},"branchMap":{}},"/Users/kdao/Prototypes/CMPE295/server/controllers/role.js":{"path":"/Users/kdao/Prototypes/CMPE295/server/controllers/role.js","s":{"1":1,"2":1,"3":1,"4":0,"5":0,"6":0,"7":0,"8":0,"9":0,"10":0,"11":0,"12":0,"13":0,"14":0,"15":0,"16":0},"b":{},"f":{"1":0,"2":0,"3":0,"4":0,"5":0,"6":0,"7":0,"8":0,"9":0},"fnMap":{"1":{"name":"(anonymous_1)","line":8,"loc":{"start":{"line":8,"column":8},"end":{"line":8,"column":19}}},"2":{"name":"(anonymous_2)","line":14,"loc":{"start":{"line":14,"column":12},"end":{"line":14,"column":31}}},"3":{"name":"(anonymous_3)","line":17,"loc":{"start":{"line":17,"column":13},"end":{"line":17,"column":30}}},"4":{"name":"(anonymous_4)","line":22,"loc":{"start":{"line":22,"column":9},"end":{"line":22,"column":20}}},"5":{"name":"(anonymous_5)","line":24,"loc":{"start":{"line":24,"column":10},"end":{"line":24,"column":27}}},"6":{"name":"(anonymous_6)","line":27,"loc":{"start":{"line":27,"column":11},"end":{"line":27,"column":28}}},"7":{"name":"(anonymous_7)","line":32,"loc":{"start":{"line":32,"column":8},"end":{"line":32,"column":19}}},"8":{"name":"(anonymous_8)","line":42,"loc":{"start":{"line":42,"column":10},"end":{"line":42,"column":35}}},"9":{"name":"(anonymous_9)","line":45,"loc":{"start":{"line":45,"column":11},"end":{"line":45,"column":28}}}},"statementMap":{"1":{"start":{"line":3,"column":0},"end":{"line":3,"column":40}},"2":{"start":{"line":4,"column":0},"end":{"line":4,"column":32}},"3":{"start":{"line":6,"column":0},"end":{"line":50,"column":2}},"4":{"start":{"line":9,"column":4},"end":{"line":9,"column":24}},"5":{"start":{"line":10,"column":4},"end":{"line":12,"column":6}},"6":{"start":{"line":13,"column":4},"end":{"line":19,"column":9}},"7":{"start":{"line":15,"column":8},"end":{"line":15,"column":38}},"8":{"start":{"line":18,"column":8},"end":{"line":18,"column":36}},"9":{"start":{"line":23,"column":4},"end":{"line":29,"column":7}},"10":{"start":{"line":25,"column":6},"end":{"line":25,"column":34}},"11":{"start":{"line":28,"column":6},"end":{"line":28,"column":34}},"12":{"start":{"line":33,"column":4},"end":{"line":33,"column":24}},"13":{"start":{"line":34,"column":4},"end":{"line":36,"column":6}},"14":{"start":{"line":37,"column":4},"end":{"line":47,"column":7}},"15":{"start":{"line":43,"column":6},"end":{"line":43,"column":31}},"16":{"start":{"line":46,"column":6},"end":{"line":46,"column":34}}},"branchMap":{}},"/Users/kdao/Prototypes/CMPE295/server/controllers/user.js":{"path":"/Users/kdao/Prototypes/CMPE295/server/controllers/user.js","s":{"1":1,"2":1,"3":1,"4":1,"5":1,"6":1,"7":0,"8":0,"9":0,"10":0,"11":0,"12":0,"13":0,"14":0,"15":0,"16":0,"17":0,"18":0,"19":0,"20":0,"21":0,"22":0,"23":0,"24":0,"25":0,"26":0,"27":0,"28":0,"29":0,"30":0,"31":0,"32":0,"33":0,"34":0,"35":0,"36":0,"37":0},"b":{"1":[0,0],"2":[0,0],"3":[0,0],"4":[0,0],"5":[0,0],"6":[0,0]},"f":{"1":0,"2":0,"3":0,"4":0,"5":0,"6":0,"7":0,"8":0,"9":0,"10":0,"11":0,"12":0,"13":0},"fnMap":{"1":{"name":"(anonymous_1)","line":11,"loc":{"start":{"line":11,"column":8},"end":{"line":11,"column":19}}},"2":{"name":"(anonymous_2)","line":25,"loc":{"start":{"line":25,"column":12},"end":{"line":25,"column":31}}},"3":{"name":"(anonymous_3)","line":34,"loc":{"start":{"line":34,"column":13},"end":{"line":34,"column":30}}},"4":{"name":"(anonymous_4)","line":39,"loc":{"start":{"line":39,"column":6},"end":{"line":39,"column":17}}},"5":{"name":"(anonymous_5)","line":45,"loc":{"start":{"line":45,"column":12},"end":{"line":45,"column":27}}},"6":{"name":"(anonymous_6)","line":54,"loc":{"start":{"line":54,"column":13},"end":{"line":54,"column":27}}},"7":{"name":"(anonymous_7)","line":59,"loc":{"start":{"line":59,"column":7},"end":{"line":59,"column":18}}},"8":{"name":"(anonymous_8)","line":65,"loc":{"start":{"line":65,"column":12},"end":{"line":65,"column":27}}},"9":{"name":"(anonymous_9)","line":81,"loc":{"start":{"line":81,"column":13},"end":{"line":81,"column":27}}},"10":{"name":"(anonymous_10)","line":87,"loc":{"start":{"line":87,"column":8},"end":{"line":87,"column":19}}},"11":{"name":"(anonymous_11)","line":102,"loc":{"start":{"line":102,"column":10},"end":{"line":102,"column":36}}},"12":{"name":"(anonymous_12)","line":105,"loc":{"start":{"line":105,"column":11},"end":{"line":105,"column":28}}},"13":{"name":"(anonymous_13)","line":110,"loc":{"start":{"line":110,"column":11},"end":{"line":110,"column":22}}}},"statementMap":{"1":{"start":{"line":3,"column":0},"end":{"line":3,"column":39}},"2":{"start":{"line":4,"column":0},"end":{"line":4,"column":39}},"3":{"start":{"line":5,"column":0},"end":{"line":5,"column":32}},"4":{"start":{"line":6,"column":0},"end":{"line":6,"column":59}},"5":{"start":{"line":7,"column":0},"end":{"line":7,"column":46}},"6":{"start":{"line":9,"column":0},"end":{"line":113,"column":2}},"7":{"start":{"line":12,"column":4},"end":{"line":12,"column":24}},"8":{"start":{"line":13,"column":4},"end":{"line":13,"column":67}},"9":{"start":{"line":14,"column":4},"end":{"line":14,"column":28}},"10":{"start":{"line":15,"column":4},"end":{"line":23,"column":6}},"11":{"start":{"line":24,"column":4},"end":{"line":36,"column":9}},"12":{"start":{"line":26,"column":8},"end":{"line":31,"column":9}},"13":{"start":{"line":27,"column":10},"end":{"line":30,"column":13}},"14":{"start":{"line":32,"column":8},"end":{"line":32,"column":38}},"15":{"start":{"line":35,"column":8},"end":{"line":35,"column":36}},"16":{"start":{"line":40,"column":4},"end":{"line":40,"column":24}},"17":{"start":{"line":41,"column":4},"end":{"line":56,"column":7}},"18":{"start":{"line":46,"column":6},"end":{"line":53,"column":7}},"19":{"start":{"line":47,"column":8},"end":{"line":47,"column":35}},"20":{"start":{"line":49,"column":8},"end":{"line":52,"column":11}},"21":{"start":{"line":55,"column":6},"end":{"line":55,"column":34}},"22":{"start":{"line":60,"column":4},"end":{"line":60,"column":24}},"23":{"start":{"line":61,"column":4},"end":{"line":84,"column":7}},"24":{"start":{"line":66,"column":6},"end":{"line":80,"column":7}},"25":{"start":{"line":67,"column":8},"end":{"line":73,"column":9}},"26":{"start":{"line":68,"column":10},"end":{"line":72,"column":13}},"27":{"start":{"line":74,"column":8},"end":{"line":74,"column":35}},"28":{"start":{"line":76,"column":8},"end":{"line":79,"column":11}},"29":{"start":{"line":82,"column":6},"end":{"line":82,"column":23}},"30":{"start":{"line":83,"column":6},"end":{"line":83,"column":32}},"31":{"start":{"line":88,"column":4},"end":{"line":88,"column":24}},"32":{"start":{"line":89,"column":4},"end":{"line":93,"column":6}},"33":{"start":{"line":94,"column":4},"end":{"line":96,"column":5}},"34":{"start":{"line":95,"column":6},"end":{"line":95,"column":69}},"35":{"start":{"line":97,"column":4},"end":{"line":107,"column":7}},"36":{"start":{"line":103,"column":6},"end":{"line":103,"column":31}},"37":{"start":{"line":106,"column":6},"end":{"line":106,"column":34}}},"branchMap":{"1":{"line":22,"type":"binary-expr","locations":[{"start":{"line":22,"column":15},"end":{"line":22,"column":27}},{"start":{"line":22,"column":31},"end":{"line":22,"column":36}}]},"2":{"line":26,"type":"if","locations":[{"start":{"line":26,"column":8},"end":{"line":26,"column":8}},{"start":{"line":26,"column":8},"end":{"line":26,"column":8}}]},"3":{"line":46,"type":"if","locations":[{"start":{"line":46,"column":6},"end":{"line":46,"column":6}},{"start":{"line":46,"column":6},"end":{"line":46,"column":6}}]},"4":{"line":66,"type":"if","locations":[{"start":{"line":66,"column":6},"end":{"line":66,"column":6}},{"start":{"line":66,"column":6},"end":{"line":66,"column":6}}]},"5":{"line":67,"type":"if","locations":[{"start":{"line":67,"column":8},"end":{"line":67,"column":8}},{"start":{"line":67,"column":8},"end":{"line":67,"column":8}}]},"6":{"line":94,"type":"if","locations":[{"start":{"line":94,"column":4},"end":{"line":94,"column":4}},{"start":{"line":94,"column":4},"end":{"line":94,"column":4}}]}}},"/Users/kdao/Prototypes/CMPE295/server/helpers/passwordHelper.js":{"path":"/Users/kdao/Prototypes/CMPE295/server/helpers/passwordHelper.js","s":{"1":1,"2":1,"3":0,"4":0,"5":0,"6":0,"7":0,"8":0},"b":{},"f":{"1":0,"2":0},"fnMap":{"1":{"name":"(anonymous_1)","line":8,"loc":{"start":{"line":8,"column":16},"end":{"line":8,"column":36}}},"2":{"name":"(anonymous_2)","line":16,"loc":{"start":{"line":16,"column":18},"end":{"line":16,"column":48}}}},"statementMap":{"1":{"start":{"line":5,"column":0},"end":{"line":5,"column":31}},"2":{"start":{"line":7,"column":0},"end":{"line":22,"column":1}},"3":{"start":{"line":10,"column":4},"end":{"line":10,"column":38}},"4":{"start":{"line":12,"column":4},"end":{"line":12,"column":48}},"5":{"start":{"line":13,"column":4},"end":{"line":13,"column":16}},"6":{"start":{"line":17,"column":4},"end":{"line":17,"column":27}},"7":{"start":{"line":18,"column":4},"end":{"line":18,"column":26}},"8":{"start":{"line":19,"column":4},"end":{"line":19,"column":51}}},"branchMap":{}},"/Users/kdao/Prototypes/CMPE295/server/helpers/security.js":{"path":"/Users/kdao/Prototypes/CMPE295/server/helpers/security.js","s":{"1":1,"2":1,"3":1,"4":0,"5":0,"6":0,"7":0,"8":1,"9":0,"10":0,"11":0,"12":0,"13":1,"14":0,"15":0,"16":0,"17":0,"18":0,"19":1,"20":0,"21":0,"22":0,"23":0,"24":0,"25":0,"26":0,"27":1,"28":0,"29":0,"30":1,"31":0,"32":0,"33":1,"34":0,"35":0,"36":1,"37":0,"38":0,"39":0,"40":1,"41":2,"42":0,"43":0,"44":0,"45":0,"46":1,"47":17,"48":0,"49":0,"50":0,"51":0,"52":1},"b":{"1":[0,0],"2":[0,0],"3":[0,0],"4":[0,0],"5":[0,0],"6":[0,0]},"f":{"1":1,"2":0,"3":0,"4":0,"5":0,"6":0,"7":0,"8":0,"9":0,"10":2,"11":0,"12":17,"13":0},"fnMap":{"1":{"name":"(anonymous_1)","line":10,"loc":{"start":{"line":10,"column":18},"end":{"line":10,"column":29}}},"2":{"name":"encrypt","line":12,"loc":{"start":{"line":12,"column":2},"end":{"line":12,"column":25}}},"3":{"name":"decrypt","line":20,"loc":{"start":{"line":20,"column":2},"end":{"line":20,"column":24}}},"4":{"name":"setUserCookie","line":32,"loc":{"start":{"line":32,"column":2},"end":{"line":32,"column":36}}},"5":{"name":"_rawData","line":47,"loc":{"start":{"line":47,"column":2},"end":{"line":47,"column":25}}},"6":{"name":"getUserId","line":64,"loc":{"start":{"line":64,"column":2},"end":{"line":64,"column":26}}},"7":{"name":"getRole","line":69,"loc":{"start":{"line":69,"column":2},"end":{"line":69,"column":24}}},"8":{"name":"isAdmin","line":77,"loc":{"start":{"line":77,"column":2},"end":{"line":77,"column":24}}},"9":{"name":"logout","line":86,"loc":{"start":{"line":86,"column":2},"end":{"line":86,"column":23}}},"10":{"name":"userAuthenticated","line":98,"loc":{"start":{"line":98,"column":2},"end":{"line":98,"column":31}}},"11":{"name":"(anonymous_11)","line":99,"loc":{"start":{"line":99,"column":11},"end":{"line":99,"column":37}}},"12":{"name":"userRequiredLoggedIn","line":109,"loc":{"start":{"line":109,"column":2},"end":{"line":109,"column":34}}},"13":{"name":"(anonymous_13)","line":110,"loc":{"start":{"line":110,"column":11},"end":{"line":110,"column":37}}}},"statementMap":{"1":{"start":{"line":3,"column":0},"end":{"line":8,"column":32}},"2":{"start":{"line":10,"column":0},"end":{"line":131,"column":5}},"3":{"start":{"line":12,"column":2},"end":{"line":18,"column":3}},"4":{"start":{"line":13,"column":4},"end":{"line":13,"column":50}},"5":{"start":{"line":14,"column":4},"end":{"line":14,"column":54}},"6":{"start":{"line":15,"column":4},"end":{"line":15,"column":35}},"7":{"start":{"line":17,"column":4},"end":{"line":17,"column":19}},"8":{"start":{"line":20,"column":2},"end":{"line":26,"column":3}},"9":{"start":{"line":21,"column":4},"end":{"line":21,"column":54}},"10":{"start":{"line":22,"column":4},"end":{"line":22,"column":58}},"11":{"start":{"line":23,"column":4},"end":{"line":23,"column":41}},"12":{"start":{"line":25,"column":4},"end":{"line":25,"column":21}},"13":{"start":{"line":32,"column":2},"end":{"line":45,"column":3}},"14":{"start":{"line":33,"column":4},"end":{"line":33,"column":54}},"15":{"start":{"line":34,"column":4},"end":{"line":44,"column":5}},"16":{"start":{"line":35,"column":6},"end":{"line":35,"column":46}},"17":{"start":{"line":36,"column":6},"end":{"line":41,"column":9}},"18":{"start":{"line":43,"column":6},"end":{"line":43,"column":22}},"19":{"start":{"line":47,"column":2},"end":{"line":57,"column":3}},"20":{"start":{"line":48,"column":4},"end":{"line":48,"column":18}},"21":{"start":{"line":49,"column":4},"end":{"line":55,"column":5}},"22":{"start":{"line":50,"column":6},"end":{"line":50,"column":46}},"23":{"start":{"line":51,"column":6},"end":{"line":51,"column":48}},"24":{"start":{"line":52,"column":6},"end":{"line":52,"column":40}},"25":{"start":{"line":53,"column":6},"end":{"line":53,"column":33}},"26":{"start":{"line":56,"column":4},"end":{"line":56,"column":16}},"27":{"start":{"line":64,"column":2},"end":{"line":67,"column":3}},"28":{"start":{"line":65,"column":4},"end":{"line":65,"column":29}},"29":{"start":{"line":66,"column":4},"end":{"line":66,"column":25}},"30":{"start":{"line":69,"column":2},"end":{"line":72,"column":3}},"31":{"start":{"line":70,"column":4},"end":{"line":70,"column":29}},"32":{"start":{"line":71,"column":4},"end":{"line":71,"column":27}},"33":{"start":{"line":77,"column":2},"end":{"line":80,"column":3}},"34":{"start":{"line":78,"column":4},"end":{"line":78,"column":29}},"35":{"start":{"line":79,"column":4},"end":{"line":79,"column":33}},"36":{"start":{"line":86,"column":2},"end":{"line":96,"column":3}},"37":{"start":{"line":87,"column":4},"end":{"line":95,"column":18}},"38":{"start":{"line":88,"column":6},"end":{"line":88,"column":46}},"39":{"start":{"line":89,"column":6},"end":{"line":94,"column":9}},"40":{"start":{"line":98,"column":2},"end":{"line":107,"column":3}},"41":{"start":{"line":99,"column":4},"end":{"line":106,"column":6}},"42":{"start":{"line":100,"column":6},"end":{"line":100,"column":34}},"43":{"start":{"line":101,"column":6},"end":{"line":105,"column":7}},"44":{"start":{"line":102,"column":8},"end":{"line":102,"column":15}},"45":{"start":{"line":104,"column":8},"end":{"line":104,"column":40}},"46":{"start":{"line":109,"column":2},"end":{"line":118,"column":3}},"47":{"start":{"line":110,"column":4},"end":{"line":117,"column":6}},"48":{"start":{"line":111,"column":6},"end":{"line":111,"column":34}},"49":{"start":{"line":112,"column":6},"end":{"line":116,"column":7}},"50":{"start":{"line":113,"column":8},"end":{"line":113,"column":15}},"51":{"start":{"line":115,"column":8},"end":{"line":115,"column":37}},"52":{"start":{"line":121,"column":2},"end":{"line":129,"column":4}}},"branchMap":{"1":{"line":66,"type":"binary-expr","locations":[{"start":{"line":66,"column":11},"end":{"line":66,"column":18}},{"start":{"line":66,"column":22},"end":{"line":66,"column":24}}]},"2":{"line":71,"type":"binary-expr","locations":[{"start":{"line":71,"column":11},"end":{"line":71,"column":20}},{"start":{"line":71,"column":24},"end":{"line":71,"column":26}}]},"3":{"line":79,"type":"binary-expr","locations":[{"start":{"line":79,"column":11},"end":{"line":79,"column":23}},{"start":{"line":79,"column":27},"end":{"line":79,"column":32}}]},"4":{"line":101,"type":"if","locations":[{"start":{"line":101,"column":6},"end":{"line":101,"column":6}},{"start":{"line":101,"column":6},"end":{"line":101,"column":6}}]},"5":{"line":101,"type":"binary-expr","locations":[{"start":{"line":101,"column":10},"end":{"line":101,"column":23}},{"start":{"line":101,"column":27},"end":{"line":101,"column":47}}]},"6":{"line":112,"type":"if","locations":[{"start":{"line":112,"column":6},"end":{"line":112,"column":6}},{"start":{"line":112,"column":6},"end":{"line":112,"column":6}}]}}},"/Users/kdao/Prototypes/CMPE295/server/controllers/customer.js":{"path":"/Users/kdao/Prototypes/CMPE295/server/controllers/customer.js","s":{"1":1,"2":1,"3":1,"4":1,"5":1,"6":0,"7":0,"8":0,"9":0,"10":0,"11":0,"12":0,"13":0,"14":0,"15":0,"16":0,"17":0,"18":0,"19":0,"20":0,"21":0,"22":0,"23":0,"24":0,"25":0,"26":0,"27":0,"28":0,"29":0,"30":0,"31":0,"32":0,"33":0,"34":0,"35":0},"b":{"1":[0,0],"2":[0,0],"3":[0,0],"4":[0,0],"5":[0,0]},"f":{"1":0,"2":0,"3":0,"4":0,"5":0,"6":0,"7":0,"8":0,"9":0,"10":0,"11":0,"12":0},"fnMap":{"1":{"name":"(anonymous_1)","line":10,"loc":{"start":{"line":10,"column":8},"end":{"line":10,"column":19}}},"2":{"name":"(anonymous_2)","line":23,"loc":{"start":{"line":23,"column":12},"end":{"line":23,"column":35}}},"3":{"name":"(anonymous_3)","line":32,"loc":{"start":{"line":32,"column":13},"end":{"line":32,"column":30}}},"4":{"name":"(anonymous_4)","line":37,"loc":{"start":{"line":37,"column":6},"end":{"line":37,"column":17}}},"5":{"name":"(anonymous_5)","line":43,"loc":{"start":{"line":43,"column":12},"end":{"line":43,"column":31}}},"6":{"name":"(anonymous_6)","line":52,"loc":{"start":{"line":52,"column":13},"end":{"line":52,"column":27}}},"7":{"name":"(anonymous_7)","line":57,"loc":{"start":{"line":57,"column":7},"end":{"line":57,"column":18}}},"8":{"name":"(anonymous_8)","line":63,"loc":{"start":{"line":63,"column":12},"end":{"line":63,"column":31}}},"9":{"name":"(anonymous_9)","line":78,"loc":{"start":{"line":78,"column":13},"end":{"line":78,"column":27}}},"10":{"name":"(anonymous_10)","line":83,"loc":{"start":{"line":83,"column":8},"end":{"line":83,"column":19}}},"11":{"name":"(anonymous_11)","line":98,"loc":{"start":{"line":98,"column":10},"end":{"line":98,"column":36}}},"12":{"name":"(anonymous_12)","line":101,"loc":{"start":{"line":101,"column":11},"end":{"line":101,"column":28}}}},"statementMap":{"1":{"start":{"line":3,"column":0},"end":{"line":3,"column":47}},"2":{"start":{"line":4,"column":0},"end":{"line":4,"column":32}},"3":{"start":{"line":5,"column":0},"end":{"line":5,"column":59}},"4":{"start":{"line":6,"column":0},"end":{"line":6,"column":46}},"5":{"start":{"line":8,"column":0},"end":{"line":105,"column":2}},"6":{"start":{"line":11,"column":4},"end":{"line":11,"column":24}},"7":{"start":{"line":12,"column":4},"end":{"line":12,"column":67}},"8":{"start":{"line":13,"column":4},"end":{"line":13,"column":28}},"9":{"start":{"line":14,"column":4},"end":{"line":21,"column":6}},"10":{"start":{"line":22,"column":4},"end":{"line":34,"column":9}},"11":{"start":{"line":24,"column":8},"end":{"line":29,"column":9}},"12":{"start":{"line":25,"column":10},"end":{"line":28,"column":13}},"13":{"start":{"line":30,"column":8},"end":{"line":30,"column":42}},"14":{"start":{"line":33,"column":8},"end":{"line":33,"column":36}},"15":{"start":{"line":38,"column":4},"end":{"line":38,"column":24}},"16":{"start":{"line":39,"column":4},"end":{"line":54,"column":7}},"17":{"start":{"line":44,"column":6},"end":{"line":51,"column":7}},"18":{"start":{"line":45,"column":8},"end":{"line":45,"column":39}},"19":{"start":{"line":47,"column":8},"end":{"line":50,"column":11}},"20":{"start":{"line":53,"column":6},"end":{"line":53,"column":34}},"21":{"start":{"line":58,"column":4},"end":{"line":58,"column":24}},"22":{"start":{"line":59,"column":4},"end":{"line":80,"column":6}},"23":{"start":{"line":64,"column":6},"end":{"line":77,"column":7}},"24":{"start":{"line":65,"column":8},"end":{"line":70,"column":9}},"25":{"start":{"line":66,"column":10},"end":{"line":69,"column":13}},"26":{"start":{"line":71,"column":8},"end":{"line":71,"column":39}},"27":{"start":{"line":73,"column":8},"end":{"line":76,"column":11}},"28":{"start":{"line":79,"column":6},"end":{"line":79,"column":32}},"29":{"start":{"line":84,"column":4},"end":{"line":84,"column":24}},"30":{"start":{"line":85,"column":4},"end":{"line":89,"column":6}},"31":{"start":{"line":90,"column":4},"end":{"line":92,"column":5}},"32":{"start":{"line":91,"column":6},"end":{"line":91,"column":69}},"33":{"start":{"line":93,"column":4},"end":{"line":103,"column":7}},"34":{"start":{"line":99,"column":6},"end":{"line":99,"column":31}},"35":{"start":{"line":102,"column":6},"end":{"line":102,"column":34}}},"branchMap":{"1":{"line":24,"type":"if","locations":[{"start":{"line":24,"column":8},"end":{"line":24,"column":8}},{"start":{"line":24,"column":8},"end":{"line":24,"column":8}}]},"2":{"line":44,"type":"if","locations":[{"start":{"line":44,"column":6},"end":{"line":44,"column":6}},{"start":{"line":44,"column":6},"end":{"line":44,"column":6}}]},"3":{"line":64,"type":"if","locations":[{"start":{"line":64,"column":6},"end":{"line":64,"column":6}},{"start":{"line":64,"column":6},"end":{"line":64,"column":6}}]},"4":{"line":65,"type":"if","locations":[{"start":{"line":65,"column":8},"end":{"line":65,"column":8}},{"start":{"line":65,"column":8},"end":{"line":65,"column":8}}]},"5":{"line":90,"type":"if","locations":[{"start":{"line":90,"column":4},"end":{"line":90,"column":4}},{"start":{"line":90,"column":4},"end":{"line":90,"column":4}}]}}},"/Users/kdao/Prototypes/CMPE295/server/controllers/workflow.js":{"path":"/Users/kdao/Prototypes/CMPE295/server/controllers/workflow.js","s":{"1":1,"2":1,"3":1,"4":1,"5":1,"6":1,"7":1,"8":1,"9":1,"10":0,"11":0,"12":0,"13":0,"14":0,"15":0,"16":0,"17":0,"18":0,"19":0,"20":1,"21":0,"22":0,"23":0,"24":0,"25":0,"26":0,"27":0,"28":0,"29":0,"30":0,"31":0,"32":0,"33":0,"34":0,"35":0,"36":0,"37":0,"38":0,"39":0,"40":0,"41":0,"42":0,"43":0,"44":0,"45":0,"46":0,"47":0,"48":0,"49":0,"50":0,"51":0,"52":0,"53":0,"54":0,"55":0,"56":0,"57":0,"58":0,"59":0,"60":0,"61":0,"62":0,"63":0,"64":0,"65":0,"66":0,"67":0,"68":0,"69":0,"70":0,"71":0,"72":0,"73":0,"74":0,"75":0,"76":0,"77":0,"78":0,"79":0,"80":0,"81":0},"b":{"1":[0,0],"2":[0,0],"3":[0,0],"4":[0,0],"5":[0,0],"6":[0,0],"7":[0,0],"8":[0,0],"9":[0,0]},"f":{"1":0,"2":0,"3":0,"4":0,"5":0,"6":0,"7":0,"8":0,"9":0,"10":0,"11":0,"12":0,"13":0,"14":0,"15":0,"16":0,"17":0,"18":0,"19":0,"20":0,"21":0,"22":0,"23":0,"24":0,"25":0,"26":0,"27":0,"28":0,"29":0,"30":0,"31":0,"32":0,"33":0,"34":0},"fnMap":{"1":{"name":"manageProcesses","line":15,"loc":{"start":{"line":15,"column":0},"end":{"line":15,"column":32}}},"2":{"name":"(anonymous_2)","line":36,"loc":{"start":{"line":36,"column":16},"end":{"line":36,"column":27}}},"3":{"name":"(anonymous_3)","line":59,"loc":{"start":{"line":59,"column":10},"end":{"line":59,"column":26}}},"4":{"name":"(anonymous_4)","line":70,"loc":{"start":{"line":70,"column":11},"end":{"line":70,"column":28}}},"5":{"name":"(anonymous_5)","line":77,"loc":{"start":{"line":77,"column":11},"end":{"line":77,"column":22}}},"6":{"name":"(anonymous_6)","line":88,"loc":{"start":{"line":88,"column":12},"end":{"line":88,"column":39}}},"7":{"name":"(anonymous_7)","line":91,"loc":{"start":{"line":91,"column":13},"end":{"line":91,"column":30}}},"8":{"name":"(anonymous_8)","line":97,"loc":{"start":{"line":97,"column":18},"end":{"line":97,"column":29}}},"9":{"name":"(anonymous_9)","line":110,"loc":{"start":{"line":110,"column":10},"end":{"line":110,"column":35}}},"10":{"name":"(anonymous_10)","line":113,"loc":{"start":{"line":113,"column":11},"end":{"line":113,"column":28}}},"11":{"name":"(anonymous_11)","line":118,"loc":{"start":{"line":118,"column":18},"end":{"line":118,"column":29}}},"12":{"name":"(anonymous_12)","line":127,"loc":{"start":{"line":127,"column":10},"end":{"line":127,"column":35}}},"13":{"name":"(anonymous_13)","line":130,"loc":{"start":{"line":130,"column":11},"end":{"line":130,"column":28}}},"14":{"name":"(anonymous_14)","line":135,"loc":{"start":{"line":135,"column":8},"end":{"line":135,"column":19}}},"15":{"name":"(anonymous_15)","line":149,"loc":{"start":{"line":149,"column":10},"end":{"line":149,"column":32}}},"16":{"name":"(anonymous_16)","line":152,"loc":{"start":{"line":152,"column":11},"end":{"line":152,"column":28}}},"17":{"name":"(anonymous_17)","line":157,"loc":{"start":{"line":157,"column":8},"end":{"line":157,"column":19}}},"18":{"name":"(anonymous_18)","line":169,"loc":{"start":{"line":169,"column":10},"end":{"line":169,"column":35}}},"19":{"name":"(anonymous_19)","line":172,"loc":{"start":{"line":172,"column":11},"end":{"line":172,"column":28}}},"20":{"name":"(anonymous_20)","line":177,"loc":{"start":{"line":177,"column":6},"end":{"line":177,"column":16}}},"21":{"name":"(anonymous_21)","line":183,"loc":{"start":{"line":183,"column":10},"end":{"line":183,"column":25}}},"22":{"name":"(anonymous_22)","line":186,"loc":{"start":{"line":186,"column":11},"end":{"line":186,"column":25}}},"23":{"name":"(anonymous_23)","line":191,"loc":{"start":{"line":191,"column":12},"end":{"line":191,"column":23}}},"24":{"name":"(anonymous_24)","line":197,"loc":{"start":{"line":197,"column":10},"end":{"line":197,"column":25}}},"25":{"name":"(anonymous_25)","line":200,"loc":{"start":{"line":200,"column":11},"end":{"line":200,"column":25}}},"26":{"name":"(anonymous_26)","line":206,"loc":{"start":{"line":206,"column":17},"end":{"line":206,"column":28}}},"27":{"name":"(anonymous_27)","line":223,"loc":{"start":{"line":223,"column":10},"end":{"line":223,"column":25}}},"28":{"name":"(anonymous_28)","line":226,"loc":{"start":{"line":226,"column":11},"end":{"line":226,"column":25}}},"29":{"name":"(anonymous_29)","line":232,"loc":{"start":{"line":232,"column":12},"end":{"line":232,"column":23}}},"30":{"name":"(anonymous_30)","line":247,"loc":{"start":{"line":247,"column":10},"end":{"line":247,"column":25}}},"31":{"name":"(anonymous_31)","line":250,"loc":{"start":{"line":250,"column":11},"end":{"line":250,"column":25}}},"32":{"name":"(anonymous_32)","line":257,"loc":{"start":{"line":257,"column":18},"end":{"line":257,"column":29}}},"33":{"name":"(anonymous_33)","line":264,"loc":{"start":{"line":264,"column":10},"end":{"line":264,"column":25}}},"34":{"name":"(anonymous_34)","line":267,"loc":{"start":{"line":267,"column":11},"end":{"line":267,"column":25}}}},"statementMap":{"1":{"start":{"line":3,"column":0},"end":{"line":3,"column":47}},"2":{"start":{"line":4,"column":0},"end":{"line":4,"column":55}},"3":{"start":{"line":5,"column":0},"end":{"line":5,"column":54}},"4":{"start":{"line":6,"column":0},"end":{"line":6,"column":60}},"5":{"start":{"line":7,"column":0},"end":{"line":7,"column":48}},"6":{"start":{"line":8,"column":0},"end":{"line":8,"column":32}},"7":{"start":{"line":9,"column":0},"end":{"line":9,"column":37}},"8":{"start":{"line":10,"column":0},"end":{"line":10,"column":46}},"9":{"start":{"line":15,"column":0},"end":{"line":32,"column":1}},"10":{"start":{"line":16,"column":2},"end":{"line":16,"column":21}},"11":{"start":{"line":17,"column":2},"end":{"line":17,"column":21}},"12":{"start":{"line":18,"column":2},"end":{"line":31,"column":3}},"13":{"start":{"line":19,"column":4},"end":{"line":19,"column":24}},"14":{"start":{"line":20,"column":4},"end":{"line":24,"column":5}},"15":{"start":{"line":21,"column":6},"end":{"line":21,"column":38}},"16":{"start":{"line":25,"column":4},"end":{"line":30,"column":5}},"17":{"start":{"line":26,"column":6},"end":{"line":26,"column":48}},"18":{"start":{"line":27,"column":6},"end":{"line":29,"column":7}},"19":{"start":{"line":28,"column":8},"end":{"line":28,"column":35}},"20":{"start":{"line":34,"column":0},"end":{"line":272,"column":2}},"21":{"start":{"line":37,"column":4},"end":{"line":37,"column":22}},"22":{"start":{"line":38,"column":4},"end":{"line":57,"column":5}},"23":{"start":{"line":39,"column":6},"end":{"line":43,"column":8}},"24":{"start":{"line":44,"column":11},"end":{"line":57,"column":5}},"25":{"start":{"line":45,"column":6},"end":{"line":50,"column":8}},"26":{"start":{"line":52,"column":6},"end":{"line":56,"column":8}},"27":{"start":{"line":58,"column":4},"end":{"line":73,"column":7}},"28":{"start":{"line":62,"column":6},"end":{"line":62,"column":19}},"29":{"start":{"line":63,"column":6},"end":{"line":67,"column":7}},"30":{"start":{"line":64,"column":8},"end":{"line":64,"column":27}},"31":{"start":{"line":65,"column":8},"end":{"line":65,"column":62}},"32":{"start":{"line":66,"column":8},"end":{"line":66,"column":23}},"33":{"start":{"line":68,"column":6},"end":{"line":68,"column":32}},"34":{"start":{"line":71,"column":6},"end":{"line":71,"column":25}},"35":{"start":{"line":72,"column":6},"end":{"line":72,"column":34}},"36":{"start":{"line":78,"column":4},"end":{"line":78,"column":24}},"37":{"start":{"line":79,"column":4},"end":{"line":79,"column":24}},"38":{"start":{"line":80,"column":4},"end":{"line":86,"column":6}},"39":{"start":{"line":87,"column":4},"end":{"line":94,"column":9}},"40":{"start":{"line":89,"column":8},"end":{"line":89,"column":46}},"41":{"start":{"line":92,"column":8},"end":{"line":92,"column":27}},"42":{"start":{"line":93,"column":8},"end":{"line":93,"column":36}},"43":{"start":{"line":98,"column":4},"end":{"line":98,"column":24}},"44":{"start":{"line":99,"column":4},"end":{"line":104,"column":6}},"45":{"start":{"line":105,"column":4},"end":{"line":115,"column":7}},"46":{"start":{"line":111,"column":6},"end":{"line":111,"column":31}},"47":{"start":{"line":114,"column":6},"end":{"line":114,"column":34}},"48":{"start":{"line":119,"column":4},"end":{"line":121,"column":6}},"49":{"start":{"line":122,"column":4},"end":{"line":132,"column":7}},"50":{"start":{"line":128,"column":6},"end":{"line":128,"column":31}},"51":{"start":{"line":131,"column":6},"end":{"line":131,"column":34}},"52":{"start":{"line":136,"column":4},"end":{"line":136,"column":24}},"53":{"start":{"line":137,"column":4},"end":{"line":137,"column":24}},"54":{"start":{"line":138,"column":4},"end":{"line":147,"column":6}},"55":{"start":{"line":148,"column":4},"end":{"line":154,"column":7}},"56":{"start":{"line":150,"column":6},"end":{"line":150,"column":39}},"57":{"start":{"line":153,"column":6},"end":{"line":153,"column":34}},"58":{"start":{"line":158,"column":4},"end":{"line":158,"column":24}},"59":{"start":{"line":159,"column":4},"end":{"line":163,"column":6}},"60":{"start":{"line":164,"column":4},"end":{"line":174,"column":7}},"61":{"start":{"line":170,"column":6},"end":{"line":170,"column":31}},"62":{"start":{"line":173,"column":6},"end":{"line":173,"column":34}},"63":{"start":{"line":178,"column":4},"end":{"line":188,"column":7}},"64":{"start":{"line":184,"column":6},"end":{"line":184,"column":32}},"65":{"start":{"line":187,"column":6},"end":{"line":187,"column":32}},"66":{"start":{"line":192,"column":4},"end":{"line":202,"column":7}},"67":{"start":{"line":198,"column":6},"end":{"line":198,"column":32}},"68":{"start":{"line":201,"column":6},"end":{"line":201,"column":32}},"69":{"start":{"line":207,"column":4},"end":{"line":210,"column":48}},"70":{"start":{"line":211,"column":4},"end":{"line":221,"column":5}},"71":{"start":{"line":212,"column":6},"end":{"line":220,"column":8}},"72":{"start":{"line":222,"column":4},"end":{"line":228,"column":7}},"73":{"start":{"line":224,"column":6},"end":{"line":224,"column":32}},"74":{"start":{"line":227,"column":6},"end":{"line":227,"column":32}},"75":{"start":{"line":233,"column":4},"end":{"line":234,"column":48}},"76":{"start":{"line":235,"column":4},"end":{"line":252,"column":7}},"77":{"start":{"line":248,"column":6},"end":{"line":248,"column":32}},"78":{"start":{"line":251,"column":6},"end":{"line":251,"column":32}},"79":{"start":{"line":258,"column":4},"end":{"line":269,"column":7}},"80":{"start":{"line":265,"column":6},"end":{"line":265,"column":33}},"81":{"start":{"line":268,"column":6},"end":{"line":268,"column":32}}},"branchMap":{"1":{"line":20,"type":"if","locations":[{"start":{"line":20,"column":4},"end":{"line":20,"column":4}},{"start":{"line":20,"column":4},"end":{"line":20,"column":4}}]},"2":{"line":27,"type":"if","locations":[{"start":{"line":27,"column":6},"end":{"line":27,"column":6}},{"start":{"line":27,"column":6},"end":{"line":27,"column":6}}]},"3":{"line":38,"type":"if","locations":[{"start":{"line":38,"column":4},"end":{"line":38,"column":4}},{"start":{"line":38,"column":4},"end":{"line":38,"column":4}}]},"4":{"line":44,"type":"if","locations":[{"start":{"line":44,"column":11},"end":{"line":44,"column":11}},{"start":{"line":44,"column":11},"end":{"line":44,"column":11}}]},"5":{"line":209,"type":"binary-expr","locations":[{"start":{"line":209,"column":19},"end":{"line":209,"column":37}},{"start":{"line":209,"column":41},"end":{"line":209,"column":88}}]},"6":{"line":210,"type":"binary-expr","locations":[{"start":{"line":210,"column":17},"end":{"line":210,"column":33}},{"start":{"line":210,"column":37},"end":{"line":210,"column":47}}]},"7":{"line":211,"type":"if","locations":[{"start":{"line":211,"column":4},"end":{"line":211,"column":4}},{"start":{"line":211,"column":4},"end":{"line":211,"column":4}}]},"8":{"line":233,"type":"binary-expr","locations":[{"start":{"line":233,"column":19},"end":{"line":233,"column":37}},{"start":{"line":233,"column":41},"end":{"line":233,"column":88}}]},"9":{"line":234,"type":"binary-expr","locations":[{"start":{"line":234,"column":17},"end":{"line":234,"column":33}},{"start":{"line":234,"column":37},"end":{"line":234,"column":47}}]}}},"/Users/kdao/Prototypes/CMPE295/server/controllers/process.js":{"path":"/Users/kdao/Prototypes/CMPE295/server/controllers/process.js","s":{"1":1,"2":1,"3":1,"4":1,"5":1,"6":1,"7":1,"8":1,"9":1,"10":0,"11":0,"12":0,"13":0,"14":0,"15":0,"16":0,"17":0,"18":0,"19":0,"20":0,"21":0,"22":0,"23":0,"24":0,"25":0,"26":0,"27":0,"28":0,"29":0,"30":0,"31":0,"32":0,"33":0,"34":0,"35":0,"36":0,"37":0,"38":0,"39":0,"40":0,"41":0,"42":0,"43":0,"44":0,"45":0,"46":0,"47":0},"b":{"1":[0,0],"2":[0,0]},"f":{"1":0,"2":0,"3":0,"4":0,"5":0,"6":0,"7":0,"8":0,"9":0,"10":0,"11":0,"12":0,"13":0,"14":0,"15":0,"16":0,"17":0,"18":0,"19":0,"20":0,"21":0},"fnMap":{"1":{"name":"(anonymous_1)","line":15,"loc":{"start":{"line":15,"column":11},"end":{"line":15,"column":22}}},"2":{"name":"(anonymous_2)","line":26,"loc":{"start":{"line":26,"column":12},"end":{"line":26,"column":38}}},"3":{"name":"(anonymous_3)","line":29,"loc":{"start":{"line":29,"column":13},"end":{"line":29,"column":30}}},"4":{"name":"(anonymous_4)","line":34,"loc":{"start":{"line":34,"column":16},"end":{"line":34,"column":27}}},"5":{"name":"(anonymous_5)","line":63,"loc":{"start":{"line":63,"column":10},"end":{"line":63,"column":26}}},"6":{"name":"(anonymous_6)","line":66,"loc":{"start":{"line":66,"column":11},"end":{"line":66,"column":28}}},"7":{"name":"(anonymous_7)","line":71,"loc":{"start":{"line":71,"column":18},"end":{"line":71,"column":29}}},"8":{"name":"(anonymous_8)","line":83,"loc":{"start":{"line":83,"column":10},"end":{"line":83,"column":35}}},"9":{"name":"(anonymous_9)","line":86,"loc":{"start":{"line":86,"column":11},"end":{"line":86,"column":28}}},"10":{"name":"(anonymous_10)","line":91,"loc":{"start":{"line":91,"column":18},"end":{"line":91,"column":29}}},"11":{"name":"(anonymous_11)","line":100,"loc":{"start":{"line":100,"column":10},"end":{"line":100,"column":35}}},"12":{"name":"(anonymous_12)","line":103,"loc":{"start":{"line":103,"column":11},"end":{"line":103,"column":28}}},"13":{"name":"(anonymous_13)","line":108,"loc":{"start":{"line":108,"column":8},"end":{"line":108,"column":19}}},"14":{"name":"(anonymous_14)","line":122,"loc":{"start":{"line":122,"column":12},"end":{"line":122,"column":34}}},"15":{"name":"(anonymous_15)","line":125,"loc":{"start":{"line":125,"column":13},"end":{"line":125,"column":30}}},"16":{"name":"(anonymous_16)","line":130,"loc":{"start":{"line":130,"column":8},"end":{"line":130,"column":19}}},"17":{"name":"(anonymous_17)","line":144,"loc":{"start":{"line":144,"column":10},"end":{"line":144,"column":35}}},"18":{"name":"(anonymous_18)","line":147,"loc":{"start":{"line":147,"column":11},"end":{"line":147,"column":28}}},"19":{"name":"(anonymous_19)","line":152,"loc":{"start":{"line":152,"column":16},"end":{"line":152,"column":27}}},"20":{"name":"(anonymous_20)","line":159,"loc":{"start":{"line":159,"column":10},"end":{"line":159,"column":31}}},"21":{"name":"(anonymous_21)","line":162,"loc":{"start":{"line":162,"column":11},"end":{"line":162,"column":28}}}},"statementMap":{"1":{"start":{"line":3,"column":0},"end":{"line":3,"column":46}},"2":{"start":{"line":4,"column":0},"end":{"line":4,"column":53}},"3":{"start":{"line":5,"column":0},"end":{"line":5,"column":53}},"4":{"start":{"line":6,"column":0},"end":{"line":6,"column":55}},"5":{"start":{"line":7,"column":0},"end":{"line":7,"column":51}},"6":{"start":{"line":8,"column":0},"end":{"line":8,"column":48}},"7":{"start":{"line":9,"column":0},"end":{"line":9,"column":39}},"8":{"start":{"line":10,"column":0},"end":{"line":10,"column":32}},"9":{"start":{"line":12,"column":0},"end":{"line":167,"column":2}},"10":{"start":{"line":16,"column":4},"end":{"line":16,"column":24}},"11":{"start":{"line":17,"column":4},"end":{"line":17,"column":24}},"12":{"start":{"line":18,"column":4},"end":{"line":24,"column":6}},"13":{"start":{"line":25,"column":4},"end":{"line":31,"column":9}},"14":{"start":{"line":27,"column":8},"end":{"line":27,"column":45}},"15":{"start":{"line":30,"column":8},"end":{"line":30,"column":36}},"16":{"start":{"line":35,"column":4},"end":{"line":35,"column":22}},"17":{"start":{"line":36,"column":4},"end":{"line":61,"column":5}},"18":{"start":{"line":37,"column":6},"end":{"line":45,"column":8}},"19":{"start":{"line":46,"column":11},"end":{"line":61,"column":5}},"20":{"start":{"line":47,"column":6},"end":{"line":53,"column":8}},"21":{"start":{"line":55,"column":6},"end":{"line":60,"column":8}},"22":{"start":{"line":62,"column":4},"end":{"line":68,"column":7}},"23":{"start":{"line":64,"column":6},"end":{"line":64,"column":33}},"24":{"start":{"line":67,"column":6},"end":{"line":67,"column":34}},"25":{"start":{"line":72,"column":4},"end":{"line":72,"column":24}},"26":{"start":{"line":73,"column":4},"end":{"line":77,"column":6}},"27":{"start":{"line":78,"column":4},"end":{"line":88,"column":7}},"28":{"start":{"line":84,"column":6},"end":{"line":84,"column":31}},"29":{"start":{"line":87,"column":6},"end":{"line":87,"column":34}},"30":{"start":{"line":92,"column":4},"end":{"line":94,"column":6}},"31":{"start":{"line":95,"column":4},"end":{"line":105,"column":7}},"32":{"start":{"
[...]
19":[0,0]},"f":{"1":0,"2":0,"3":0,"4":0,"5":0,"6":0,"7":0,"8":0,"9":0,"10":0,"11":0,"12":0,"13":0,"14":0,"15":0,"16":0,"17":0,"18":0,"19":0,"20":0,"21":0,"22":0,"23":0,"24":0,"25":0,"26":0,"27":0,"28":0,"29":0,"30":0,"31":0,"32":0,"33":0,"34":0,"35":0,"36":0,"37":0,"38":0,"39":0},"fnMap":{"1":{"name":"minifyHTML","line":9,"loc":{"start":{"line":9,"column":0},"end":{"line":9,"column":26}}},"2":{"name":"(anonymous_2)","line":18,"loc":{"start":{"line":18,"column":17},"end":{"line":18,"column":42}}},"3":{"name":"(anonymous_3)","line":19,"loc":{"start":{"line":19,"column":84},"end":{"line":19,"column":105}}},"4":{"name":"(anonymous_4)","line":29,"loc":{"start":{"line":29,"column":16},"end":{"line":29,"column":41}}},"5":{"name":"(anonymous_5)","line":30,"loc":{"start":{"line":30,"column":82},"end":{"line":30,"column":103}}},"6":{"name":"(anonymous_6)","line":40,"loc":{"start":{"line":40,"column":20},"end":{"line":40,"column":45}}},"7":{"name":"(anonymous_7)","line":41,"loc":{"start":{"line":41,"column":91},"end":{"line":41,"column":112}}},"8":{"name":"(anonymous_8)","line":51,"loc":{"start":{"line":51,"column":28},"end":{"line":51,"column":53}}},"9":{"name":"(anonymous_9)","line":52,"loc":{"start":{"line":52,"column":118},"end":{"line":52,"column":139}}},"10":{"name":"(anonymous_10)","line":62,"loc":{"start":{"line":62,"column":24},"end":{"line":62,"column":49}}},"11":{"name":"(anonymous_11)","line":63,"loc":{"start":{"line":63,"column":106},"end":{"line":63,"column":127}}},"12":{"name":"(anonymous_12)","line":73,"loc":{"start":{"line":73,"column":23},"end":{"line":73,"column":48}}},"13":{"name":"(anonymous_13)","line":74,"loc":{"start":{"line":74,"column":103},"end":{"line":74,"column":124}}},"14":{"name":"(anonymous_14)","line":84,"loc":{"start":{"line":84,"column":21},"end":{"line":84,"column":46}}},"15":{"name":"(anonymous_15)","line":85,"loc":{"start":{"line":85,"column":97},"end":{"line":85,"column":118}}},"16":{"name":"(anonymous_16)","line":95,"loc":{"start":{"line":95,"column":26},"end":{"line":95,"column":51}}},"17":{"name":"(anonymous_17)","line":96,"loc":{"start":{"line":96,"column":112},"end":{"line":96,"column":133}}},"18":{"name":"(anonymous_18)","line":106,"loc":{"start":{"line":106,"column":22},"end":{"line":106,"column":47}}},"19":{"name":"(anonymous_19)","line":107,"loc":{"start":{"line":107,"column":100},"end":{"line":107,"column":121}}},"20":{"name":"(anonymous_20)","line":117,"loc":{"start":{"line":117,"column":22},"end":{"line":117,"column":47}}},"21":{"name":"(anonymous_21)","line":118,"loc":{"start":{"line":118,"column":97},"end":{"line":118,"column":118}}},"22":{"name":"(anonymous_22)","line":128,"loc":{"start":{"line":128,"column":18},"end":{"line":128,"column":43}}},"23":{"name":"(anonymous_23)","line":129,"loc":{"start":{"line":129,"column":85},"end":{"line":129,"column":106}}},"24":{"name":"(anonymous_24)","line":139,"loc":{"start":{"line":139,"column":17},"end":{"line":139,"column":42}}},"25":{"name":"(anonymous_25)","line":140,"loc":{"start":{"line":140,"column":82},"end":{"line":140,"column":103}}},"26":{"name":"(anonymous_26)","line":150,"loc":{"start":{"line":150,"column":17},"end":{"line":150,"column":42}}},"27":{"name":"(anonymous_27)","line":151,"loc":{"start":{"line":151,"column":82},"end":{"line":151,"column":103}}},"28":{"name":"(anonymous_28)","line":161,"loc":{"start":{"line":161,"column":20},"end":{"line":161,"column":45}}},"29":{"name":"(anonymous_29)","line":162,"loc":{"start":{"line":162,"column":91},"end":{"line":162,"column":112}}},"30":{"name":"(anonymous_30)","line":172,"loc":{"start":{"line":172,"column":24},"end":{"line":172,"column":49}}},"31":{"name":"(anonymous_31)","line":173,"loc":{"start":{"line":173,"column":95},"end":{"line":173,"column":116}}},"32":{"name":"(anonymous_32)","line":183,"loc":{"start":{"line":183,"column":15},"end":{"line":183,"column":40}}},"33":{"name":"(anonymous_33)","line":184,"loc":{"start":{"line":184,"column":76},"end":{"line":184,"column":97}}},"34":{"name":"(anonymous_34)","line":194,"loc":{"start":{"line":194,"column":16},"end":{"line":194,"column":41}}},"35":{"name":"(anonymous_35)","line":195,"loc":{"start":{"line":195,"column":79},"end":{"line":195,"column":100}}},"36":{"name":"(anonymous_36)","line":204,"loc":{"start":{"line":204,"column":20},"end":{"line":204,"column":45}}},"37":{"name":"(anonymous_37)","line":205,"loc":{"start":{"line":205,"column":92},"end":{"line":205,"column":113}}},"38":{"name":"(anonymous_38)","line":215,"loc":{"start":{"line":215,"column":18},"end":{"line":215,"column":43}}},"39":{"name":"(anonymous_39)","line":216,"loc":{"start":{"line":216,"column":85},"end":{"line":216,"column":106}}}},"statementMap":{"1":{"start":{"line":3,"column":0},"end":{"line":3,"column":45}},"2":{"start":{"line":9,"column":0},"end":{"line":15,"column":1}},"3":{"start":{"line":10,"column":2},"end":{"line":14,"column":4}},"4":{"start":{"line":18,"column":0},"end":{"line":26,"column":2}},"5":{"start":{"line":19,"column":2},"end":{"line":25,"column":5}},"6":{"start":{"line":20,"column":4},"end":{"line":23,"column":5}},"7":{"start":{"line":21,"column":6},"end":{"line":21,"column":23}},"8":{"start":{"line":22,"column":6},"end":{"line":22,"column":23}},"9":{"start":{"line":24,"column":4},"end":{"line":24,"column":31}},"10":{"start":{"line":29,"column":0},"end":{"line":37,"column":2}},"11":{"start":{"line":30,"column":2},"end":{"line":36,"column":5}},"12":{"start":{"line":31,"column":4},"end":{"line":34,"column":5}},"13":{"start":{"line":32,"column":6},"end":{"line":32,"column":23}},"14":{"start":{"line":33,"column":6},"end":{"line":33,"column":23}},"15":{"start":{"line":35,"column":4},"end":{"line":35,"column":31}},"16":{"start":{"line":40,"column":0},"end":{"line":48,"column":2}},"17":{"start":{"line":41,"column":2},"end":{"line":47,"column":5}},"18":{"start":{"line":42,"column":4},"end":{"line":45,"column":5}},"19":{"start":{"line":43,"column":6},"end":{"line":43,"column":23}},"20":{"start":{"line":44,"column":6},"end":{"line":44,"column":23}},"21":{"start":{"line":46,"column":4},"end":{"line":46,"column":31}},"22":{"start":{"line":51,"column":0},"end":{"line":59,"column":2}},"23":{"start":{"line":52,"column":2},"end":{"line":58,"column":5}},"24":{"start":{"line":53,"column":4},"end":{"line":56,"column":5}},"25":{"start":{"line":54,"column":6},"end":{"line":54,"column":23}},"26":{"start":{"line":55,"column":6},"end":{"line":55,"column":23}},"27":{"start":{"line":57,"column":4},"end":{"line":57,"column":31}},"28":{"start":{"line":62,"column":0},"end":{"line":70,"column":2}},"29":{"start":{"line":63,"column":2},"end":{"line":69,"column":5}},"30":{"start":{"line":64,"column":4},"end":{"line":67,"column":5}},"31":{"start":{"line":65,"column":6},"end":{"line":65,"column":23}},"32":{"start":{"line":66,"column":6},"end":{"line":66,"column":23}},"33":{"start":{"line":68,"column":4},"end":{"line":68,"column":31}},"34":{"start":{"line":73,"column":0},"end":{"line":81,"column":2}},"35":{"start":{"line":74,"column":2},"end":{"line":80,"column":5}},"36":{"start":{"line":75,"column":4},"end":{"line":78,"column":5}},"37":{"start":{"line":76,"column":6},"end":{"line":76,"column":23}},"38":{"start":{"line":77,"column":6},"end":{"line":77,"column":23}},"39":{"start":{"line":79,"column":4},"end":{"line":79,"column":31}},"40":{"start":{"line":84,"column":0},"end":{"line":92,"column":2}},"41":{"start":{"line":85,"column":2},"end":{"line":91,"column":5}},"42":{"start":{"line":86,"column":4},"end":{"line":89,"column":5}},"43":{"start":{"line":87,"column":6},"end":{"line":87,"column":23}},"44":{"start":{"line":88,"column":6},"end":{"line":88,"column":23}},"45":{"start":{"line":90,"column":4},"end":{"line":90,"column":31}},"46":{"start":{"line":95,"column":0},"end":{"line":103,"column":2}},"47":{"start":{"line":96,"column":2},"end":{"line":102,"column":5}},"48":{"start":{"line":97,"column":4},"end":{"line":100,"column":5}},"49":{"start":{"line":98,"column":6},"end":{"line":98,"column":23}},"50":{"start":{"line":99,"column":6},"end":{"line":99,"column":23}},"51":{"start":{"line":101,"column":4},"end":{"line":101,"column":31}},"52":{"start":{"line":106,"column":0},"end":{"line":114,"column":2}},"53":{"start":{"line":107,"column":2},"end":{"line":113,"column":5}},"54":{"start":{"line":108,"column":4},"end":{"line":111,"column":5}},"55":{"start":{"line":109,"column":6},"end":{"line":109,"column":23}},"56":{"start":{"line":110,"column":6},"end":{"line":110,"column":23}},"57":{"start":{"line":112,"column":4},"end":{"line":112,"column":31}},"58":{"start":{"line":117,"column":0},"end":{"line":125,"column":2}},"59":{"start":{"line":118,"column":2},"end":{"line":124,"column":5}},"60":{"start":{"line":119,"column":4},"end":{"line":122,"column":5}},"61":{"start":{"line":120,"column":6},"end":{"line":120,"column":23}},"62":{"start":{"line":121,"column":6},"end":{"line":121,"column":23}},"63":{"start":{"line":123,"column":4},"end":{"line":123,"column":31}},"64":{"start":{"line":128,"column":0},"end":{"line":136,"column":2}},"65":{"start":{"line":129,"column":2},"end":{"line":135,"column":5}},"66":{"start":{"line":130,"column":4},"end":{"line":133,"column":5}},"67":{"start":{"line":131,"column":6},"end":{"line":131,"column":23}},"68":{"start":{"line":132,"column":6},"end":{"line":132,"column":23}},"69":{"start":{"line":134,"column":4},"end":{"line":134,"column":31}},"70":{"start":{"line":139,"column":0},"end":{"line":147,"column":2}},"71":{"start":{"line":140,"column":2},"end":{"line":146,"column":5}},"72":{"start":{"line":141,"column":4},"end":{"line":144,"column":5}},"73":{"start":{"line":142,"column":6},"end":{"line":142,"column":23}},"74":{"start":{"line":143,"column":6},"end":{"line":143,"column":23}},"75":{"start":{"line":145,"column":4},"end":{"line":145,"column":31}},"76":{"start":{"line":150,"column":0},"end":{"line":158,"column":2}},"77":{"start":{"line":151,"column":2},"end":{"line":157,"column":5}},"78":{"start":{"line":152,"column":4},"end":{"line":155,"column":5}},"79":{"start":{"line":153,"column":6},"end":{"line":153,"column":23}},"80":{"start":{"line":154,"column":6},"end":{"line":154,"column":23}},"81":{"start":{"line":156,"column":4},"end":{"line":156,"column":31}},"82":{"start":{"line":161,"column":0},"end":{"line":169,"column":2}},"83":{"start":{"line":162,"column":2},"end":{"line":168,"column":5}},"84":{"start":{"line":163,"column":4},"end":{"line":166,"column":5}},"85":{"start":{"line":164,"column":6},"end":{"line":164,"column":23}},"86":{"start":{"line":165,"column":6},"end":{"line":165,"column":23}},"87":{"start":{"line":167,"column":4},"end":{"line":167,"column":31}},"88":{"start":{"line":172,"column":0},"end":{"line":180,"column":2}},"89":{"start":{"line":173,"column":2},"end":{"line":179,"column":5}},"90":{"start":{"line":174,"column":4},"end":{"line":177,"column":5}},"91":{"start":{"line":175,"column":6},"end":{"line":175,"column":23}},"92":{"start":{"line":176,"column":6},"end":{"line":176,"column":23}},"93":{"start":{"line":178,"column":4},"end":{"line":178,"column":31}},"94":{"start":{"line":183,"column":0},"end":{"line":191,"column":2}},"95":{"start":{"line":184,"column":2},"end":{"line":190,"column":5}},"96":{"start":{"line":185,"column":4},"end":{"line":188,"column":5}},"97":{"start":{"line":186,"column":6},"end":{"line":186,"column":23}},"98":{"start":{"line":187,"column":6},"end":{"line":187,"column":23}},"99":{"start":{"line":189,"column":4},"end":{"line":189,"column":31}},"100":{"start":{"line":194,"column":0},"end":{"line":202,"column":2}},"101":{"start":{"line":195,"column":2},"end":{"line":201,"column":5}},"102":{"start":{"line":196,"column":4},"end":{"line":199,"column":5}},"103":{"start":{"line":197,"column":6},"end":{"line":197,"column":23}},"104":{"start":{"line":198,"column":6},"end":{"line":198,"column":23}},"105":{"start":{"line":200,"column":4},"end":{"line":200,"column":31}},"106":{"start":{"line":204,"column":0},"end":{"line":212,"column":2}},"107":{"start":{"line":205,"column":2},"end":{"line":211,"column":5}},"108":{"start":{"line":206,"column":4},"end":{"line":209,"column":5}},"109":{"start":{"line":207,"column":6},"end":{"line":207,"column":23}},"110":{"start":{"line":208,"column":6},"end":{"line":208,"column":23}},"111":{"start":{"line":210,"column":4},"end":{"line":210,"column":31}},"112":{"start":{"line":215,"column":0},"end":{"line":223,"column":2}},"113":{"start":{"line":216,"column":2},"end":{"line":222,"column":5}},"114":{"start":{"line":217,"column":4},"end":{"line":220,"column":5}},"115":{"start":{"line":218,"column":6},"end":{"line":218,"column":23}},"116":{"start":{"line":219,"column":6},"end":{"line":219,"column":23}},"117":{"start":{"line":221,"column":4},"end":{"line":221,"column":31}}},"branchMap":{"1":{"line":20,"type":"if","locations":[{"start":{"line":20,"column":4},"end":{"line":20,"column":4}},{"start":{"line":20,"column":4},"end":{"line":20,"column":4}}]},"2":{"line":31,"type":"if","locations":[{"start":{"line":31,"column":4},"end":{"line":31,"column":4}},{"start":{"line":31,"column":4},"end":{"line":31,"column":4}}]},"3":{"line":42,"type":"if","locations":[{"start":{"line":42,"column":4},"end":{"line":42,"column":4}},{"start":{"line":42,"column":4},"end":{"line":42,"column":4}}]},"4":{"line":53,"type":"if","locations":[{"start":{"line":53,"column":4},"end":{"line":53,"column":4}},{"start":{"line":53,"column":4},"end":{"line":53,"column":4}}]},"5":{"line":64,"type":"if","locations":[{"start":{"line":64,"column":4},"end":{"line":64,"column":4}},{"start":{"line":64,"column":4},"end":{"line":64,"column":4}}]},"6":{"line":75,"type":"if","locations":[{"start":{"line":75,"column":4},"end":{"line":75,"column":4}},{"start":{"line":75,"column":4},"end":{"line":75,"column":4}}]},"7":{"line":86,"type":"if","locations":[{"start":{"line":86,"column":4},"end":{"line":86,"column":4}},{"start":{"line":86,"column":4},"end":{"line":86,"column":4}}]},"8":{"line":97,"type":"if","locations":[{"start":{"line":97,"column":4},"end":{"line":97,"column":4}},{"start":{"line":97,"column":4},"end":{"line":97,"column":4}}]},"9":{"line":108,"type":"if","locations":[{"start":{"line":108,"column":4},"end":{"line":108,"column":4}},{"start":{"line":108,"column":4},"end":{"line":108,"column":4}}]},"10":{"line":119,"type":"if","locations":[{"start":{"line":119,"column":4},"end":{"line":119,"column":4}},{"start":{"line":119,"column":4},"end":{"line":119,"column":4}}]},"11":{"line":130,"type":"if","locations":[{"start":{"line":130,"column":4},"end":{"line":130,"column":4}},{"start":{"line":130,"column":4},"end":{"line":130,"column":4}}]},"12":{"line":141,"type":"if","locations":[{"start":{"line":141,"column":4},"end":{"line":141,"column":4}},{"start":{"line":141,"column":4},"end":{"line":141,"column":4}}]},"13":{"line":152,"type":"if","locations":[{"start":{"line":152,"column":4},"end":{"line":152,"column":4}},{"start":{"line":152,"column":4},"end":{"line":152,"column":4}}]},"14":{"line":163,"type":"if","locations":[{"start":{"line":163,"column":4},"end":{"line":163,"column":4}},{"start":{"line":163,"column":4},"end":{"line":163,"column":4}}]},"15":{"line":174,"type":"if","locations":[{"start":{"line":174,"column":4},"end":{"line":174,"column":4}},{"start":{"line":174,"column":4},"end":{"line":174,"column":4}}]},"16":{"line":185,"type":"if","locations":[{"start":{"line":185,"column":4},"end":{"line":185,"column":4}},{"start":{"line":185,"column":4},"end":{"line":185,"column":4}}]},"17":{"line":196,"type":"if","locations":[{"start":{"line":196,"column":4},"end":{"line":196,"column":4}},{"start":{"line":196,"column":4},"end":{"line":196,"column":4}}]},"18":{"line":206,"type":"if","locations":[{"start":{"line":206,"column":4},"end":{"line":206,"column":4}},{"start":{"line":206,"column":4},"end":{"line":206,"column":4}}]},"19":{"line":217,"type":"if","locations":[{"start":{"line":217,"column":4},"end":{"line":217,"column":4}},{"start":{"line":217,"column":4},"end":{"line":217,"column":4}}]}}},"/Users/kdao/Prototypes/CMPE295/public/js/handlebar-helpers/helpers.js":{"path":"/Users/kdao/Prototypes/CMPE295/public/js/handlebar-helpers/helpers.js","s":{"1":1,"2":1,"3":1,"4":0,"5":0,"6":0,"7":0,"8":0,"9":0,"10":0,"11":0,"12":0,"13":0,"14":0,"15":0,"16":0,"17":1,"18":0,"19":0,"20":1,"21":1,"22":0,"23":1,"24":1},"b":{"1":[0,0],"2":[0,0],"3":[0,0],"4":[0,0],"5":[0,1],"6":[1,0],"7":[0,1]},"f":{"1":1,"2":1,"3":0,"4":0,"5":0,"6":0,"7":0},"fnMap":{"1":{"name":"(anonymous_1)","line":1,"loc":{"start":{"line":1,"column":1},"end":{"line":1,"column":12}}},"2":{"name":"(anonymous_2)","line":2,"loc":{"start":{"line":2,"column":17},"end":{"line":2,"column":38}}},"3":{"name":"(anonymous_3)","line":6,"loc":{"start":{"line":6,"column":12},"end":{"line":6,"column":26}}},"4":{"name":"(anonymous_4)","line":10,"loc":{"start":{"line":10,"column":12},"end":{"line":10,"column":42}}},"5":{"name":"(anonymous_5)","line":16,"loc":{"start":{"line":16,"column":13},"end":{"line":16,"column":47}}},"6":{"name":"(anonymous_6)","line":28,"loc":{"start":{"line":28,"column":15},"end":{"line":28,"column":36}}},"7":{"name":"(anonymous_7)","line":37,"loc":{"start":{"line":37,"column":20},"end":{"line":37,"column":38}}}},"statementMap":{"1":{"start":{"line":1,"column":0},"end":{"line":62,"column":5}},"2":{"start":{"line":2,"column":2},"end":{"line":53,"column":4}},"3":{"start":{"line":5,"column":4},"end":{"line":40,"column":6}},"4":{"start":{"line":7,"column":8},"end":{"line":7,"column":35}},"5":{"start":{"line":11,"column":8},"end":{"line":13,"column":9}},"6":{"start":{"line":12,"column":10},"end":{"line":12,"column":34}},"7":{"start":{"line":14,"column":8},"end":{"line":14,"column":37}},"8":{"start":{"line":19,"column":8},"end":{"line":20,"column":72}},"9":{"start":{"line":20,"column":10},"end":{"line":20,"column":72}},"10":{"start":{"line":21,"column":8},"end":{"line":25,"column":9}},"11":{"start":{"line":22,"column":10},"end":{"line":22,"column":39}},"12":{"start":{"line":24,"column":10},"end":{"line":24,"column":34}},"13":{"start":{"line":29,"column":8},"end":{"line":33,"column":9}},"14":{"start":{"line":30,"column":10},"end":{"line":30,"column":31}},"15":{"start":{"line":32,"column":10},"end":{"line":32,"column":36}},"16":{"start":{"line":38,"column":8},"end":{"line":38,"column":28}},"17":{"start":{"line":44,"column":4},"end":{"line":52,"column":5}},"18":{"start":{"line":46,"column":6},"end":{"line":48,"column":7}},"19":{"start":{"line":47,"column":8},"end":{"line":47,"column":55}},"20":{"start":{"line":51,"column":6},"end":{"line":51,"column":21}},"21":{"start":{"line":56,"column":2},"end":{"line":61,"column":3}},"22":{"start":{"line":57,"column":4},"end":{"line":57,"column":25}},"23":{"start":{"line":59,"column":4},"end":{"line":59,"column":39}},"24":{"start":{"line":60,"column":4},"end":{"line":60,"column":44}}},"branchMap":{"1":{"line":11,"type":"if","locations":[{"start":{"line":11,"column":8},"end":{"line":11,"column":8}},{"start":{"line":11,"column":8},"end":{"line":11,"column":8}}]},"2":{"line":19,"type":"if","locations":[{"start":{"line":19,"column":8},"end":{"line":19,"column":8}},{"start":{"line":19,"column":8},"end":{"line":19,"column":8}}]},"3":{"line":21,"type":"if","locations":[{"start":{"line":21,"column":8},"end":{"line":21,"column":8}},{"start":{"line":21,"column":8},"end":{"line":21,"column":8}}]},"4":{"line":29,"type":"if","locations":[{"start":{"line":29,"column":8},"end":{"line":29,"column":8}},{"start":{"line":29,"column":8},"end":{"line":29,"column":8}}]},"5":{"line":44,"type":"if","locations":[{"start":{"line":44,"column":4},"end":{"line":44,"column":4}},{"start":{"line":44,"column":4},"end":{"line":44,"column":4}}]},"6":{"line":44,"type":"binary-expr","locations":[{"start":{"line":44,"column":8},"end":{"line":44,"column":18}},{"start":{"line":44,"column":22},"end":{"line":44,"column":69}}]},"7":{"line":56,"type":"if","locations":[{"start":{"line":56,"column":2},"end":{"line":56,"column":2}},{"start":{"line":56,"column":2},"end":{"line":56,"column":2}}]}}}}