TN:
SF:/Users/kdao/Prototypes/CMPE295/index.js
FN:51,(anonymous_1)
FN:60,(anonymous_2)
FN:159,(anonymous_3)
FN:171,(anonymous_4)
FN:183,(anonymous_5)
FN:195,(anonymous_6)
FN:207,(anonymous_7)
FN:246,(anonymous_8)
FNF:8
FNH:1
FNDA:0,(anonymous_1)
FNDA:0,(anonymous_2)
FNDA:0,(anonymous_3)
FNDA:0,(anonymous_4)
FNDA:0,(anonymous_5)
FNDA:0,(anonymous_6)
FNDA:0,(anonymous_7)
FNDA:1,(anonymous_8)
DA:14,1
DA:16,1
DA:36,1
DA:37,1
DA:39,1
DA:51,1
DA:52,0
DA:53,0
DA:54,0
DA:55,0
DA:56,0
DA:60,1
DA:61,0
DA:62,0
DA:66,1
DA:82,1
DA:83,1
DA:90,1
DA:93,1
DA:95,1
DA:96,1
DA:103,1
DA:104,1
DA:105,1
DA:106,1
DA:107,1
DA:110,1
DA:111,1
DA:112,1
DA:113,1
DA:114,1
DA:117,1
DA:118,1
DA:119,1
DA:122,1
DA:123,1
DA:124,1
DA:125,1
DA:128,1
DA:131,1
DA:132,1
DA:133,1
DA:134,1
DA:137,1
DA:138,1
DA:139,1
DA:140,1
DA:141,1
DA:144,1
DA:145,1
DA:146,1
DA:149,1
DA:150,1
DA:151,1
DA:154,1
DA:155,1
DA:156,1
DA:159,1
DA:160,0
DA:161,0
DA:162,0
DA:163,0
DA:164,0
DA:166,0
DA:171,1
DA:172,0
DA:173,0
DA:174,0
DA:175,0
DA:176,0
DA:178,0
DA:183,1
DA:184,0
DA:185,0
DA:186,0
DA:187,0
DA:188,0
DA:190,0
DA:195,1
DA:196,0
DA:197,0
DA:198,0
DA:199,0
DA:200,0
DA:202,0
DA:207,1
DA:208,0
DA:209,0
DA:213,1
DA:214,1
DA:215,1
DA:216,1
DA:222,1
DA:223,1
DA:224,1
DA:225,1
DA:226,1
DA:227,1
DA:228,1
DA:229,1
DA:230,1
DA:231,1
DA:232,1
DA:233,1
DA:234,1
DA:235,1
DA:236,1
DA:237,1
DA:238,1
DA:239,1
DA:240,1
DA:245,1
DA:246,1
DA:247,1
LF:114
LH:81
BRDA:52,1,0,0
BRDA:52,1,1,0
BRDA:53,2,0,0
BRDA:53,2,1,0
BRDA:54,3,0,0
BRDA:54,3,1,0
BRDA:69,4,0,1
BRDA:69,4,1,0
BRDA:161,5,0,0
BRDA:161,5,1,0
BRDA:163,6,0,0
BRDA:163,6,1,0
BRDA:173,7,0,0
BRDA:173,7,1,0
BRDA:175,8,0,0
BRDA:175,8,1,0
BRDA:185,9,0,0
BRDA:185,9,1,0
BRDA:187,10,0,0
BRDA:187,10,1,0
BRDA:197,11,0,0
BRDA:197,11,1,0
BRDA:199,12,0,0
BRDA:199,12,1,0
BRDA:245,13,0,1
BRDA:245,13,1,0
BRF:26
BRH:2
end_of_record
TN:
SF:/Users/kdao/Prototypes/CMPE295/api.js
FNF:0
FNH:0
DA:3,1
DA:34,1
DA:54,1
DA:73,1
DA:97,1
DA:117,1
DA:137,1
DA:157,1
DA:181,1
DA:206,1
DA:221,1
DA:240,1
DA:264,1
DA:284,1
DA:309,1
DA:329,1
DA:350,1
DA:365,1
DA:384,1
DA:409,1
DA:428,1
DA:452,1
DA:472,1
DA:487,1
DA:502,1
DA:522,1
DA:547,1
DA:568,1
DA:588,1
DA:608,1
DA:627,1
DA:651,1
DA:670,1
DA:689,1
DA:713,1
DA:740,1
DA:759,1
DA:783,1
DA:803,1
DA:823,1
DA:842,1
DA:865,1
DA:884,1
LF:43
LH:43
BRF:0
BRH:0
end_of_record
TN:
SF:/Users/kdao/Prototypes/CMPE295/server/controllers/department.js
FN:8,(anonymous_1)
FN:20,(anonymous_2)
FN:23,(anonymous_3)
FN:28,(anonymous_4)
FN:30,(anonymous_5)
FN:33,(anonymous_6)
FN:38,(anonymous_7)
FN:40,(anonymous_8)
FN:43,(anonymous_9)
FN:48,(anonymous_10)
FN:62,(anonymous_11)
FN:65,(anonymous_12)
FN:70,(anonymous_13)
FN:76,(anonymous_14)
FN:79,(anonymous_15)
FNF:15
FNH:0
FNDA:0,(anonymous_1)
FNDA:0,(anonymous_2)
FNDA:0,(anonymous_3)
FNDA:0,(anonymous_4)
FNDA:0,(anonymous_5)
FNDA:0,(anonymous_6)
FNDA:0,(anonymous_7)
FNDA:0,(anonymous_8)
FNDA:0,(anonymous_9)
FNDA:0,(anonymous_10)
FNDA:0,(anonymous_11)
FNDA:0,(anonymous_12)
FNDA:0,(anonymous_13)
FNDA:0,(anonymous_14)
FNDA:0,(anonymous_15)
DA:3,1
DA:4,1
DA:6,1
DA:9,0
DA:11,0
DA:19,0
DA:21,0
DA:24,0
DA:29,0
DA:31,0
DA:34,0
DA:39,0
DA:41,0
DA:44,0
DA:49,0
DA:50,0
DA:57,0
DA:63,0
DA:66,0
DA:71,0
DA:77,0
DA:80,0
LF:22
LH:3
BRF:0
BRH:0
end_of_record
TN:
SF:/Users/kdao/Prototypes/CMPE295/server/models/index.js
FN:27,(anonymous_1)
FN:30,(anonymous_2)
FN:35,(anonymous_3)
FNF:3
FNH:3
FNDA:20,(anonymous_1)
FNDA:19,(anonymous_2)
FNDA:19,(anonymous_3)
DA:3,1
DA:4,1
DA:5,1
DA:6,1
DA:7,1
DA:8,1
DA:9,1
DA:19,1
DA:20,0
DA:22,1
DA:25,1
DA:28,20
DA:31,19
DA:32,19
DA:35,1
DA:36,19
DA:37,19
DA:41,1
DA:42,1
DA:44,1
LF:20
LH:19
BRDA:7,1,0,1
BRDA:7,1,1,1
BRDA:19,2,0,0
BRDA:19,2,1,1
BRDA:28,3,0,20
BRDA:28,3,1,20
BRDA:28,3,2,19
BRDA:36,4,0,19
BRDA:36,4,1,0
BRF:9
BRH:7
end_of_record
TN:
SF:/Users/kdao/Prototypes/CMPE295/server/config/config.js
FNF:0
FNH:0
DA:1,1
LF:1
LH:1
BRF:0
BRH:0
end_of_record
TN:
SF:/Users/kdao/Prototypes/CMPE295/server/models/customer.js
FN:3,(anonymous_1)
FN:22,(anonymous_2)
FNF:2
FNH:2
FNDA:1,(anonymous_1)
FNDA:1,(anonymous_2)
DA:3,1
DA:4,1
DA:27,1
LF:3
LH:3
BRF:0
BRH:0
end_of_record
TN:
SF:/Users/kdao/Prototypes/CMPE295/server/models/department.js
FN:3,(anonymous_1)
FN:23,(anonymous_2)
FNF:2
FNH:2
FNDA:1,(anonymous_1)
FNDA:1,(anonymous_2)
DA:3,1
DA:4,1
DA:28,1
LF:3
LH:3
BRF:0
BRH:0
end_of_record
TN:
SF:/Users/kdao/Prototypes/CMPE295/server/models/membership.js
FN:3,(anonymous_1)
FN:36,(anonymous_2)
FNF:2
FNH:2
FNDA:1,(anonymous_1)
FNDA:1,(anonymous_2)
DA:3,1
DA:4,1
DA:38,1
DA:39,1
DA:40,1
DA:44,1
LF:6
LH:6
BRF:0
BRH:0
end_of_record
TN:
SF:/Users/kdao/Prototypes/CMPE295/server/models/notification.js
FN:3,(anonymous_1)
FN:22,(anonymous_2)
FNF:2
FNH:2
FNDA:1,(anonymous_1)
FNDA:1,(anonymous_2)
DA:3,1
DA:4,1
DA:27,1
LF:3
LH:3
BRF:0
BRH:0
end_of_record
TN:
SF:/Users/kdao/Prototypes/CMPE295/server/models/office.js
FN:3,(anonymous_1)
FN:31,(anonymous_2)
FNF:2
FNH:2
FNDA:1,(anonymous_1)
FNDA:1,(anonymous_2)
DA:3,1
DA:4,1
DA:33,1
DA:37,1
LF:4
LH:4
BRF:0
BRH:0
end_of_record
TN:
SF:/Users/kdao/Prototypes/CMPE295/server/models/permission.js
FN:3,(anonymous_1)
FN:15,(anonymous_2)
FNF:2
FNH:2
FNDA:1,(anonymous_1)
FNDA:1,(anonymous_2)
DA:3,1
DA:4,1
DA:21,1
LF:3
LH:3
BRF:0
BRH:0
end_of_record
TN:
SF:/Users/kdao/Prototypes/CMPE295/server/models/process.js
FN:3,(anonymous_1)
FN:37,(anonymous_2)
FNF:2
FNH:2
FNDA:1,(anonymous_1)
FNDA:1,(anonymous_2)
DA:3,1
DA:4,1
DA:39,1
DA:40,1
DA:41,1
DA:45,1
LF:6
LH:6
BRF:0
BRH:0
end_of_record
TN:
SF:/Users/kdao/Prototypes/CMPE295/server/models/process_admin.js
FN:3,(anonymous_1)
FN:21,(anonymous_2)
FNF:2
FNH:2
FNDA:1,(anonymous_1)
FNDA:1,(anonymous_2)
DA:3,1
DA:4,1
DA:23,1
DA:24,1
DA:36,1
LF:5
LH:5
BRF:0
BRH:0
end_of_record
TN:
SF:/Users/kdao/Prototypes/CMPE295/server/models/process_file.js
FN:3,(anonymous_1)
FN:21,(anonymous_2)
FNF:2
FNH:2
FNDA:1,(anonymous_1)
FNDA:1,(anonymous_2)
DA:3,1
DA:4,1
DA:23,1
DA:27,1
LF:4
LH:4
BRF:0
BRH:0
end_of_record
TN:
SF:/Users/kdao/Prototypes/CMPE295/server/models/process_note.js
FN:3,(anonymous_1)
FN:27,(anonymous_2)
FNF:2
FNH:2
FNDA:1,(anonymous_1)
FNDA:1,(anonymous_2)
DA:3,1
DA:4,1
DA:29,1
DA:30,1
DA:34,1
LF:5
LH:5
BRF:0
BRH:0
end_of_record
TN:
SF:/Users/kdao/Prototypes/CMPE295/server/models/process_type.js
FN:3,(anonymous_1)
FN:22,(anonymous_2)
FNF:2
FNH:2
FNDA:1,(anonymous_1)
FNDA:1,(anonymous_2)
DA:3,1
DA:4,1
DA:24,1
DA:28,1
LF:4
LH:4
BRF:0
BRH:0
end_of_record
TN:
SF:/Users/kdao/Prototypes/CMPE295/server/models/role.js
FN:3,(anonymous_1)
FN:14,(anonymous_2)
FNF:2
FNH:2
FNDA:1,(anonymous_1)
FNDA:1,(anonymous_2)
DA:3,1
DA:4,1
DA:20,1
LF:3
LH:3
BRF:0
BRH:0
end_of_record
TN:
SF:/Users/kdao/Prototypes/CMPE295/server/models/statetype.js
FN:3,(anonymous_1)
FN:14,(anonymous_2)
FNF:2
FNH:2
FNDA:1,(anonymous_1)
FNDA:1,(anonymous_2)
DA:3,1
DA:4,1
DA:20,1
LF:3
LH:3
BRF:0
BRH:0
end_of_record
TN:
SF:/Users/kdao/Prototypes/CMPE295/server/models/tag.js
FN:3,(anonymous_1)
FN:16,(anonymous_2)
FNF:2
FNH:2
FNDA:1,(anonymous_1)
FNDA:1,(anonymous_2)
DA:3,1
DA:4,1
DA:22,1
LF:3
LH:3
BRF:0
BRH:0
end_of_record
TN:
SF:/Users/kdao/Prototypes/CMPE295/server/models/user.js
FN:3,(anonymous_1)
FN:23,(anonymous_2)
FNF:2
FNH:2
FNDA:1,(anonymous_1)
FNDA:1,(anonymous_2)
DA:3,1
DA:4,1
DA:28,1
LF:3
LH:3
BRF:0
BRH:0
end_of_record
TN:
SF:/Users/kdao/Prototypes/CMPE295/server/models/workflow.js
FN:3,(anonymous_1)
FN:30,(anonymous_2)
FNF:2
FNH:2
FNDA:1,(anonymous_1)
FNDA:1,(anonymous_2)
DA:3,1
DA:4,1
DA:32,1
DA:33,1
DA:37,1
LF:5
LH:5
BRF:0
BRH:0
end_of_record
TN:
SF:/Users/kdao/Prototypes/CMPE295/server/models/workflow_customer.js
FN:3,(anonymous_1)
FN:21,(anonymous_2)
FNF:2
FNH:2
FNDA:1,(anonymous_1)
FNDA:1,(anonymous_2)
DA:3,1
DA:4,1
DA:23,1
DA:24,1
DA:29,1
LF:5
LH:5
BRF:0
BRH:0
end_of_record
TN:
SF:/Users/kdao/Prototypes/CMPE295/server/models/workflow_file.js
FN:3,(anonymous_1)
FN:21,(anonymous_2)
FNF:2
FNH:2
FNDA:1,(anonymous_1)
FNDA:1,(anonymous_2)
DA:3,1
DA:4,1
DA:26,1
LF:3
LH:3
BRF:0
BRH:0
end_of_record
TN:
SF:/Users/kdao/Prototypes/CMPE295/server/models/workflow_type.js
FN:5,(anonymous_1)
FN:24,(anonymous_2)
FNF:2
FNH:2
FNDA:1,(anonymous_1)
FNDA:1,(anonymous_2)
DA:3,1
DA:5,1
DA:6,1
DA:26,1
DA:30,1
LF:5
LH:5
BRF:0
BRH:0
end_of_record
TN:
SF:/Users/kdao/Prototypes/CMPE295/server/controllers/office.js
FN:9,(anonymous_1)
FN:21,(anonymous_2)
FN:24,(anonymous_3)
FN:29,(anonymous_4)
FN:43,(anonymous_5)
FN:46,(anonymous_6)
FN:51,(anonymous_7)
FN:57,(anonymous_8)
FN:60,(anonymous_9)
FN:65,(anonymous_10)
FN:72,(anonymous_11)
FN:75,(anonymous_12)
FN:80,(anonymous_13)
FN:86,(anonymous_14)
FN:89,(anonymous_15)
FNF:15
FNH:0
FNDA:0,(anonymous_1)
FNDA:0,(anonymous_2)
FNDA:0,(anonymous_3)
FNDA:0,(anonymous_4)
FNDA:0,(anonymous_5)
FNDA:0,(anonymous_6)
FNDA:0,(anonymous_7)
FNDA:0,(anonymous_8)
FNDA:0,(anonymous_9)
FNDA:0,(anonymous_10)
FNDA:0,(anonymous_11)
FNDA:0,(anonymous_12)
FNDA:0,(anonymous_13)
FNDA:0,(anonymous_14)
FNDA:0,(anonymous_15)
DA:3,1
DA:4,1
DA:5,1
DA:7,1
DA:10,0
DA:11,0
DA:20,0
DA:22,0
DA:25,0
DA:30,0
DA:31,0
DA:38,0
DA:44,0
DA:47,0
DA:52,0
DA:58,0
DA:61,0
DA:66,0
DA:73,0
DA:76,0
DA:81,0
DA:87,0
DA:90,0
LF:23
LH:4
BRF:0
BRH:0
end_of_record
TN:
SF:/Users/kdao/Prototypes/CMPE295/server/controllers/tag.js
FN:8,(anonymous_1)
FN:17,(anonymous_2)
FN:20,(anonymous_3)
FN:25,(anonymous_4)
FN:27,(anonymous_5)
FN:30,(anonymous_6)
FN:35,(anonymous_7)
FN:47,(anonymous_8)
FN:50,(anonymous_9)
FN:55,(anonymous_10)
FN:61,(anonymous_11)
FN:64,(anonymous_12)
FNF:12
FNH:0
FNDA:0,(anonymous_1)
FNDA:0,(anonymous_2)
FNDA:0,(anonymous_3)
FNDA:0,(anonymous_4)
FNDA:0,(anonymous_5)
FNDA:0,(anonymous_6)
FNDA:0,(anonymous_7)
FNDA:0,(anonymous_8)
FNDA:0,(anonymous_9)
FNDA:0,(anonymous_10)
FNDA:0,(anonymous_11)
FNDA:0,(anonymous_12)
DA:3,1
DA:4,1
DA:6,1
DA:9,0
DA:10,0
DA:16,0
DA:18,0
DA:21,0
DA:26,0
DA:28,0
DA:31,0
DA:36,0
DA:37,0
DA:42,0
DA:48,0
DA:51,0
DA:56,0
DA:62,0
DA:65,0
LF:19
LH:3
BRF:0
BRH:0
end_of_record
TN:
SF:/Users/kdao/Prototypes/CMPE295/server/controllers/role.js
FN:8,(anonymous_1)
FN:14,(anonymous_2)
FN:17,(anonymous_3)
FN:22,(anonymous_4)
FN:24,(anonymous_5)
FN:27,(anonymous_6)
FN:32,(anonymous_7)
FN:42,(anonymous_8)
FN:45,(anonymous_9)
FNF:9
FNH:0
FNDA:0,(anonymous_1)
FNDA:0,(anonymous_2)
FNDA:0,(anonymous_3)
FNDA:0,(anonymous_4)
FNDA:0,(anonymous_5)
FNDA:0,(anonymous_6)
FNDA:0,(anonymous_7)
FNDA:0,(anonymous_8)
FNDA:0,(anonymous_9)
DA:3,1
DA:4,1
DA:6,1
DA:9,0
DA:10,0
DA:13,0
DA:15,0
DA:18,0
DA:23,0
DA:25,0
DA:28,0
DA:33,0
DA:34,0
DA:37,0
DA:43,0
DA:46,0
LF:16
LH:3
BRF:0
BRH:0
end_of_record
TN:
SF:/Users/kdao/Prototypes/CMPE295/server/controllers/user.js
FN:11,(anonymous_1)
FN:25,(anonymous_2)
FN:34,(anonymous_3)
FN:39,(anonymous_4)
FN:45,(anonymous_5)
FN:54,(anonymous_6)
FN:59,(anonymous_7)
FN:65,(anonymous_8)
FN:81,(anonymous_9)
FN:87,(anonymous_10)
FN:102,(anonymous_11)
FN:105,(anonymous_12)
FN:110,(anonymous_13)
FNF:13
FNH:0
FNDA:0,(anonymous_1)
FNDA:0,(anonymous_2)
FNDA:0,(anonymous_3)
FNDA:0,(anonymous_4)
FNDA:0,(anonymous_5)
FNDA:0,(anonymous_6)
FNDA:0,(anonymous_7)
FNDA:0,(anonymous_8)
FNDA:0,(anonymous_9)
FNDA:0,(anonymous_10)
FNDA:0,(anonymous_11)
FNDA:0,(anonymous_12)
FNDA:0,(anonymous_13)
DA:3,1
DA:4,1
DA:5,1
DA:6,1
DA:7,1
DA:9,1
DA:12,0
DA:13,0
DA:14,0
DA:15,0
DA:24,0
DA:26,0
DA:27,0
DA:32,0
DA:35,0
DA:40,0
DA:41,0
DA:46,0
DA:47,0
DA:49,0
DA:55,0
DA:60,0
DA:61,0
DA:66,0
DA:67,0
DA:68,0
DA:74,0
DA:76,0
DA:82,0
DA:83,0
DA:88,0
DA:89,0
DA:94,0
DA:95,0
DA:97,0
DA:103,0
DA:106,0
LF:37
LH:6
BRDA:22,1,0,0
BRDA:22,1,1,0
BRDA:26,2,0,0
BRDA:26,2,1,0
BRDA:46,3,0,0
BRDA:46,3,1,0
BRDA:66,4,0,0
BRDA:66,4,1,0
BRDA:67,5,0,0
BRDA:67,5,1,0
BRDA:94,6,0,0
BRDA:94,6,1,0
BRF:12
BRH:0
end_of_record
TN:
SF:/Users/kdao/Prototypes/CMPE295/server/helpers/passwordHelper.js
FN:8,(anonymous_1)
FN:16,(anonymous_2)
FNF:2
FNH:0
FNDA:0,(anonymous_1)
FNDA:0,(anonymous_2)
DA:5,1
DA:7,1
DA:10,0
DA:12,0
DA:13,0
DA:17,0
DA:18,0
DA:19,0
LF:8
LH:2
BRF:0
BRH:0
end_of_record
TN:
SF:/Users/kdao/Prototypes/CMPE295/server/helpers/security.js
FN:10,(anonymous_1)
FN:12,encrypt
FN:20,decrypt
FN:32,setUserCookie
FN:47,_rawData
FN:64,getUserId
FN:69,getRole
FN:77,isAdmin
FN:86,logout
FN:98,userAuthenticated
FN:99,(anonymous_11)
FN:109,userRequiredLoggedIn
FN:110,(anonymous_13)
FNF:13
FNH:3
FNDA:1,(anonymous_1)
FNDA:0,encrypt
FNDA:0,decrypt
FNDA:0,setUserCookie
FNDA:0,_rawData
FNDA:0,getUserId
FNDA:0,getRole
FNDA:0,isAdmin
FNDA:0,logout
FNDA:2,userAuthenticated
FNDA:0,(anonymous_11)
FNDA:17,userRequiredLoggedIn
FNDA:0,(anonymous_13)
DA:3,1
DA:10,1
DA:12,1
DA:13,0
DA:14,0
DA:15,0
DA:17,0
DA:20,1
DA:21,0
DA:22,0
DA:23,0
DA:25,0
DA:32,1
DA:33,0
DA:34,0
DA:35,0
DA:36,0
DA:43,0
DA:47,1
DA:48,0
DA:49,0
DA:50,0
DA:51,0
DA:52,0
DA:53,0
DA:56,0
DA:64,1
DA:65,0
DA:66,0
DA:69,1
DA:70,0
DA:71,0
DA:77,1
DA:78,0
DA:79,0
DA:86,1
DA:87,0
DA:88,0
DA:89,0
DA:98,1
DA:99,2
DA:100,0
DA:101,0
DA:102,0
DA:104,0
DA:109,1
DA:110,17
DA:111,0
DA:112,0
DA:113,0
DA:115,0
DA:121,1
LF:52
LH:15
BRDA:66,1,0,0
BRDA:66,1,1,0
BRDA:71,2,0,0
BRDA:71,2,1,0
BRDA:79,3,0,0
BRDA:79,3,1,0
BRDA:101,4,0,0
BRDA:101,4,1,0
BRDA:101,5,0,0
BRDA:101,5,1,0
BRDA:112,6,0,0
BRDA:112,6,1,0
BRF:12
BRH:0
end_of_record
TN:
SF:/Users/kdao/Prototypes/CMPE295/server/controllers/customer.js
FN:10,(anonymous_1)
FN:23,(anonymous_2)
FN:32,(anonymous_3)
FN:37,(anonymous_4)
FN:43,(anonymous_5)
FN:52,(anonymous_6)
FN:57,(anonymous_7)
FN:63,(anonymous_8)
FN:78,(anonymous_9)
FN:83,(anonymous_10)
FN:98,(anonymous_11)
FN:101,(anonymous_12)
FNF:12
FNH:0
FNDA:0,(anonymous_1)
FNDA:0,(anonymous_2)
FNDA:0,(anonymous_3)
FNDA:0,(anonymous_4)
FNDA:0,(anonymous_5)
FNDA:0,(anonymous_6)
FNDA:0,(anonymous_7)
FNDA:0,(anonymous_8)
FNDA:0,(anonymous_9)
FNDA:0,(anonymous_10)
FNDA:0,(anonymous_11)
FNDA:0,(anonymous_12)
DA:3,1
DA:4,1
DA:5,1
DA:6,1
DA:8,1
DA:11,0
DA:12,0
DA:13,0
DA:14,0
DA:22,0
DA:24,0
DA:25,0
DA:30,0
DA:33,0
DA:38,0
DA:39,0
DA:44,0
DA:45,0
DA:47,0
DA:53,0
DA:58,0
DA:59,0
DA:64,0
DA:65,0
DA:66,0
DA:71,0
DA:73,0
DA:79,0
DA:84,0
DA:85,0
DA:90,0
DA:91,0
DA:93,0
DA:99,0
DA:102,0
LF:35
LH:5
BRDA:24,1,0,0
BRDA:24,1,1,0
BRDA:44,2,0,0
BRDA:44,2,1,0
BRDA:64,3,0,0
BRDA:64,3,1,0
BRDA:65,4,0,0
BRDA:65,4,1,0
BRDA:90,5,0,0
BRDA:90,5,1,0
BRF:10
BRH:0
end_of_record
TN:
SF:/Users/kdao/Prototypes/CMPE295/server/controllers/workflow.js
FN:15,manageProcesses
FN:36,(anonymous_2)
FN:59,(anonymous_3)
FN:70,(anonymous_4)
FN:77,(anonymous_5)
FN:88,(anonymous_6)
FN:91,(anonymous_7)
FN:97,(anonymous_8)
FN:110,(anonymous_9)
FN:113,(anonymous_10)
FN:118,(anonymous_11)
FN:127,(anonymous_12)
FN:130,(anonymous_13)
FN:135,(anonymous_14)
FN:149,(anonymous_15)
FN:152,(anonymous_16)
FN:157,(anonymous_17)
FN:169,(anonymous_18)
FN:172,(anonymous_19)
FN:177,(anonymous_20)
FN:183,(anonymous_21)
FN:186,(anonymous_22)
FN:191,(anonymous_23)
FN:197,(anonymous_24)
FN:200,(anonymous_25)
FN:206,(anonymous_26)
FN:223,(anonymous_27)
FN:226,(anonymous_28)
FN:232,(anonymous_29)
FN:247,(anonymous_30)
FN:250,(anonymous_31)
FN:257,(anonymous_32)
FN:264,(anonymous_33)
FN:267,(anonymous_34)
FNF:34
FNH:0
FNDA:0,manageProcesses
FNDA:0,(anonymous_2)
FNDA:0,(anonymous_3)
FNDA:0,(anonymous_4)
FNDA:0,(anonymous_5)
FNDA:0,(anonymous_6)
FNDA:0,(anonymous_7)
FNDA:0,(anonymous_8)
FNDA:0,(anonymous_9)
FNDA:0,(anonymous_10)
FNDA:0,(anonymous_11)
FNDA:0,(anonymous_12)
FNDA:0,(anonymous_13)
FNDA:0,(anonymous_14)
FNDA:0,(anonymous_15)
FNDA:0,(anonymous_16)
FNDA:0,(anonymous_17)
FNDA:0,(anonymous_18)
FNDA:0,(anonymous_19)
FNDA:0,(anonymous_20)
FNDA:0,(anonymous_21)
FNDA:0,(anonymous_22)
FNDA:0,(anonymous_23)
FNDA:0,(anonymous_24)
FNDA:0,(anonymous_25)
FNDA:0,(anonymous_26)
FNDA:0,(anonymous_27)
FNDA:0,(anonymous_28)
FNDA:0,(anonymous_29)
FNDA:0,(anonymous_30)
FNDA:0,(anonymous_31)
FNDA:0,(anonymous_32)
FNDA:0,(anonymous_33)
FNDA:0,(anonymous_34)
DA:3,1
DA:4,1
DA:5,1
DA:6,1
DA:7,1
DA:8,1
DA:9,1
DA:10,1
DA:15,1
DA:16,0
DA:17,0
DA:18,0
DA:19,0
DA:20,0
DA:21,0
DA:25,0
DA:26,0
DA:27,0
DA:28,0
DA:34,1
DA:37,0
DA:38,0
DA:39,0
DA:44,0
DA:45,0
DA:52,0
DA:58,0
DA:62,0
DA:63,0
DA:64,0
DA:65,0
DA:66,0
DA:68,0
DA:71,0
DA:72,0
DA:78,0
DA:79,0
DA:80,0
DA:87,0
DA:89,0
DA:92,0
DA:93,0
DA:98,0
DA:99,0
DA:105,0
DA:111,0
DA:114,0
DA:119,0
DA:122,0
DA:128,0
DA:131,0
DA:136,0
DA:137,0
DA:138,0
DA:148,0
DA:150,0
DA:153,0
DA:158,0
DA:159,0
DA:164,0
DA:170,0
DA:173,0
DA:178,0
DA:184,0
DA:187,0
DA:192,0
DA:198,0
DA:201,0
DA:207,0
DA:211,0
DA:212,0
DA:222,0
DA:224,0
DA:227,0
DA:233,0
DA:235,0
DA:248,0
DA:251,0
DA:258,0
DA:265,0
DA:268,0
LF:81
LH:10
BRDA:20,1,0,0
BRDA:20,1,1,0
BRDA:27,2,0,0
BRDA:27,2,1,0
BRDA:38,3,0,0
BRDA:38,3,1,0
BRDA:44,4,0,0
BRDA:44,4,1,0
BRDA:209,5,0,0
BRDA:209,5,1,0
BRDA:210,6,0,0
BRDA:210,6,1,0
BRDA:211,7,0,0
BRDA:211,7,1,0
BRDA:233,8,0,0
BRDA:233,8,1,0
BRDA:234,9,0,0
BRDA:234,9,1,0
BRF:18
BRH:0
end_of_record
TN:
SF:/Users/kdao/Prototypes/CMPE295/server/controllers/process.js
FN:15,(anonymous_1)
FN:26,(anonymous_2)
FN:29,(anonymous_3)
FN:34,(anonymous_4)
FN:63,(anonymous_5)
FN:66,(anonymous_6)
FN:71,(anonymous_7)
FN:83,(anonymous_8)
FN:86,(anonymous_9)
FN:91,(anonymous_10)
FN:100,(anonymous_11)
FN:103,(anonymous_12)
FN:108,(anonymous_13)
FN:122,(anonymous_14)
FN:125,(anonymous_15)
FN:130,(anonymous_16)
FN:144,(anonymous_17)
FN:147,(anonymous_18)
FN:152,(anonymous_19)
FN:159,(anonymous_20)
FN:162,(anonymous_21)
FNF:21
FNH:0
FNDA:0,(anonymous_1)
FNDA:0,(anonymous_2)
FNDA:0,(anonymous_3)
FNDA:0,(anonymous_4)
FNDA:0,(anonymous_5)
FNDA:0,(anonymous_6)
FNDA:0,(anonymous_7)
FNDA:0,(anonymous_8)
FNDA:0,(anonymous_9)
FNDA:0,(anonymous_10)
FNDA:0,(anonymous_11)
FNDA:0,(anonymous_12)
FNDA:0,(anonymous_13)
FNDA:0,(anonymous_14)
FNDA:0,(anonymous_15)
FNDA:0,(anonymous_16)
FNDA:0,(anonymous_17)
FNDA:0,(anonymous_18)
FNDA:0,(anonymous_19)
FNDA:0,(anonymous_20)
FNDA:0,(anonymous_21)
DA:3,1
DA:4,1
DA:5,1
DA:6,1
DA:7,1
DA:8,1
DA:9,1
DA:10,1
DA:12,1
DA:16,0
DA:17,0
DA:18,0
DA:25,0
DA:27,0
DA:30,0
DA:35,0
DA:36,0
DA:37,0
DA:46,0
DA:47,0
DA:55,0
DA:62,0
DA:64,0
DA:67,0
DA:72,0
DA:73,0
DA:78,0
DA:84,0
DA:87,0
DA:92,0
DA:95,0
DA:101,0
DA:104,0
DA:109,0
DA:110,0
DA:111,0
DA:121,0
DA:123,0
DA:126,0
DA:131,0
DA:132,0
DA:139,0
DA:145,0
DA:148,0
DA:153,0
DA:160,0
DA:163,0
LF:47
LH:9
BRDA:36,1,0,0
BRDA:36,1,1,0
BRDA:46,2,0,0
BRDA:46,2,1,0
BRF:4
BRH:0
end_of_record
TN:
SF:/Users/kdao/Prototypes/CMPE295/server/controllers/process_note.js
FN:9,(anonymous_1)
FN:18,(anonymous_2)
FN:21,(anonymous_3)
FN:26,(anonymous_4)
FN:33,(anonymous_5)
FN:36,(anonymous_6)
FN:41,(anonymous_7)
FN:51,(anonymous_8)
FN:54,(anonymous_9)
FN:59,(anonymous_10)
FN:65,(anonymous_11)
FN:68,(anonymous_12)
FNF:12
FNH:0
FNDA:0,(anonymous_1)
FNDA:0,(anonymous_2)
FNDA:0,(anonymous_3)
FNDA:0,(anonymous_4)
FNDA:0,(anonymous_5)
FNDA:0,(anonymous_6)
FNDA:0,(anonymous_7)
FNDA:0,(anonymous_8)
FNDA:0,(anonymous_9)
FNDA:0,(anonymous_10)
FNDA:0,(anonymous_11)
FNDA:0,(anonymous_12)
DA:3,1
DA:4,1
DA:5,1
DA:7,1
DA:10,0
DA:11,0
DA:17,0
DA:19,0
DA:22,0
DA:27,0
DA:34,0
DA:37,0
DA:42,0
DA:43,0
DA:46,0
DA:52,0
DA:55,0
DA:60,0
DA:66,0
DA:69,0
LF:20
LH:4
BRF:0
BRH:0
end_of_record
TN:
SF:/Users/kdao/Prototypes/CMPE295/server/controllers/permission.js
FN:14,(anonymous_1)
FN:24,(anonymous_2)
FN:27,(anonymous_3)
FN:32,(anonymous_4)
FN:36,(anonymous_5)
FN:39,(anonymous_6)
FN:44,(anonymous_7)
FN:57,(anonymous_8)
FN:60,(anonymous_9)
FNF:9
FNH:0
FNDA:0,(anonymous_1)
FNDA:0,(anonymous_2)
FNDA:0,(anonymous_3)
FNDA:0,(anonymous_4)
FNDA:0,(anonymous_5)
FNDA:0,(anonymous_6)
FNDA:0,(anonymous_7)
FNDA:0,(anonymous_8)
FNDA:0,(anonymous_9)
DA:3,1
DA:5,1
DA:12,1
DA:15,0
DA:16,0
DA:23,0
DA:25,0
DA:28,0
DA:33,0
DA:34,0
DA:35,0
DA:37,0
DA:40,0
DA:45,0
DA:46,0
DA:52,0
DA:58,0
DA:61,0
LF:18
LH:3
BRF:0
BRH:0
end_of_record
TN:
SF:/Users/kdao/Prototypes/CMPE295/server/controllers/membership.js
FN:10,(anonymous_1)
FN:21,(anonymous_2)
FN:24,(anonymous_3)
FN:29,(anonymous_4)
FN:37,(anonymous_5)
FN:40,(anonymous_6)
FN:45,(anonymous_7)
FN:51,(anonymous_8)
FN:54,(anonymous_9)
FN:59,(anonymous_10)
FN:68,(anonymous_11)
FN:71,(anonymous_12)
FNF:12
FNH:0
FNDA:0,(anonymous_1)
FNDA:0,(anonymous_2)
FNDA:0,(anonymous_3)
FNDA:0,(anonymous_4)
FNDA:0,(anonymous_5)
FNDA:0,(anonymous_6)
FNDA:0,(anonymous_7)
FNDA:0,(anonymous_8)
FNDA:0,(anonymous_9)
FNDA:0,(anonymous_10)
FNDA:0,(anonymous_11)
FNDA:0,(anonymous_12)
DA:3,1
DA:8,1
DA:11,0
DA:12,0
DA:13,0
DA:22,0
DA:25,0
DA:30,0
DA:38,0
DA:41,0
DA:46,0
DA:52,0
DA:55,0
DA:60,0
DA:63,0
DA:69,0
DA:72,0
LF:17
LH:2
BRF:0
BRH:0
end_of_record
TN:
SF:/Users/kdao/Prototypes/CMPE295/server/controllers/statetype.js
FN:7,(anonymous_1)
FN:9,(anonymous_2)
FN:12,(anonymous_3)
FNF:3
FNH:0
FNDA:0,(anonymous_1)
FNDA:0,(anonymous_2)
FNDA:0,(anonymous_3)
DA:3,1
DA:5,1
DA:8,0
DA:10,0
DA:13,0
LF:5
LH:2
BRF:0
BRH:0
end_of_record
TN:
SF:/Users/kdao/Prototypes/CMPE295/app/routes/index.js
FN:9,minifyHTML
FN:18,(anonymous_2)
FN:19,(anonymous_3)
FN:29,(anonymous_4)
FN:30,(anonymous_5)
FN:40,(anonymous_6)
FN:41,(anonymous_7)
FN:51,(anonymous_8)
FN:52,(anonymous_9)
FN:62,(anonymous_10)
FN:63,(anonymous_11)
FN:73,(anonymous_12)
FN:74,(anonymous_13)
FN:84,(anonymous_14)
FN:85,(anonymous_15)
FN:95,(anonymous_16)
FN:96,(anonymous_17)
FN:106,(anonymous_18)
FN:107,(anonymous_19)
FN:117,(anonymous_20)
FN:118,(anonymous_21)
FN:128,(anonymous_22)
FN:129,(anonymous_23)
FN:139,(anonymous_24)
FN:140,(anonymous_25)
FN:150,(anonymous_26)
FN:151,(anonymous_27)
FN:161,(anonymous_28)
FN:162,(anonymous_29)
FN:172,(anonymous_30)
FN:173,(anonymous_31)
FN:183,(anonymous_32)
FN:184,(anonymous_33)
FN:194,(anonymous_34)
FN:195,(anonymous_35)
FN:204,(anonymous_36)
FN:205,(anonymous_37)
FN:215,(anonymous_38)
FN:216,(anonymous_39)
FNF:39
FNH:0
FNDA:0,minifyHTML
FNDA:0,(anonymous_2)
FNDA:0,(anonymous_3)
FNDA:0,(anonymous_4)
FNDA:0,(anonymous_5)
FNDA:0,(anonymous_6)
FNDA:0,(anonymous_7)
FNDA:0,(anonymous_8)
FNDA:0,(anonymous_9)
FNDA:0,(anonymous_10)
FNDA:0,(anonymous_11)
FNDA:0,(anonymous_12)
FNDA:0,(anonymous_13)
FNDA:0,(anonymous_14)
FNDA:0,(anonymous_15)
FNDA:0,(anonymous_16)
FNDA:0,(anonymous_17)
FNDA:0,(anonymous_18)
FNDA:0,(anonymous_19)
FNDA:0,(anonymous_20)
FNDA:0,(anonymous_21)
FNDA:0,(anonymous_22)
FNDA:0,(anonymous_23)
FNDA:0,(anonymous_24)
FNDA:0,(anonymous_25)
FNDA:0,(anonymous_26)
FNDA:0,(anonymous_27)
FNDA:0,(anonymous_28)
FNDA:0,(anonymous_29)
FNDA:0,(anonymous_30)
FNDA:0,(anonymous_31)
FNDA:0,(anonymous_32)
FNDA:0,(anonymous_33)
FNDA:0,(anonymous_34)
FNDA:0,(anonymous_35)
FNDA:0,(anonymous_36)
FNDA:0,(anonymous_37)
FNDA:0,(anonymous_38)
FNDA:0,(anonymous_39)
DA:3,1
DA:9,1
DA:10,0
DA:18,1
DA:19,0
DA:20,0
DA:21,0
DA:22,0
DA:24,0
DA:29,1
DA:30,0
DA:31,0
DA:32,0
DA:33,0
DA:35,0
DA:40,1
DA:41,0
DA:42,0
DA:43,0
DA:44,0
DA:46,0
DA:51,1
DA:52,0
DA:53,0
DA:54,0
DA:55,0
DA:57,0
DA:62,1
DA:63,0
DA:64,0
DA:65,0
DA:66,0
DA:68,0
DA:73,1
DA:74,0
DA:75,0
DA:76,0
DA:77,0
DA:79,0
DA:84,1
DA:85,0
DA:86,0
DA:87,0
DA:88,0
DA:90,0
DA:95,1
DA:96,0
DA:97,0
DA:98,0
DA:99,0
DA:101,0
DA:106,1
DA:107,0
DA:108,0
DA:109,0
DA:110,0
DA:112,0
DA:117,1
DA:118,0
DA:119,0
DA:120,0
DA:121,0
DA:123,0
DA:128,1
DA:129,0
DA:130,0
DA:131,0
DA:132,0
DA:134,0
DA:139,1
DA:140,0
DA:141,0
DA:142,0
DA:143,0
DA:145,0
DA:150,1
DA:151,0
DA:152,0
DA:153,0
DA:154,0
DA:156,0
DA:161,1
DA:162,0
DA:163,0
DA:164,0
DA:165,0
DA:167,0
DA:172,1
DA:173,0
DA:174,0
DA:175,0
DA:176,0
DA:178,0
DA:183,1
DA:184,0
DA:185,0
DA:186,0
DA:187,0
DA:189,0
DA:194,1
DA:195,0
DA:196,0
DA:197,0
DA:198,0
DA:200,0
DA:204,1
DA:205,0
DA:206,0
DA:207,0
DA:208,0
DA:210,0
DA:215,1
DA:216,0
DA:217,0
DA:218,0
DA:219,0
DA:221,0
LF:117
LH:21
BRDA:20,1,0,0
BRDA:20,1,1,0
BRDA:31,2,0,0
BRDA:31,2,1,0
BRDA:42,3,0,0
BRDA:42,3,1,0
BRDA:53,4,0,0
BRDA:53,4,1,0
BRDA:64,5,0,0
BRDA:64,5,1,0
BRDA:75,6,0,0
BRDA:75,6,1,0
BRDA:86,7,0,0
BRDA:86,7,1,0
BRDA:97,8,0,0
BRDA:97,8,1,0
BRDA:108,9,0,0
BRDA:108,9,1,0
BRDA:119,10,0,0
BRDA:119,10,1,0
BRDA:130,11,0,0
BRDA:130,11,1,0
BRDA:141,12,0,0
BRDA:141,12,1,0
BRDA:152,13,0,0
BRDA:152,13,1,0
BRDA:163,14,0,0
BRDA:163,14,1,0
BRDA:174,15,0,0
BRDA:174,15,1,0
BRDA:185,16,0,0
BRDA:185,16,1,0
BRDA:196,17,0,0
BRDA:196,17,1,0
BRDA:206,18,0,0
BRDA:206,18,1,0
BRDA:217,19,0,0
BRDA:217,19,1,0
BRF:38
BRH:0
end_of_record
TN:
SF:/Users/kdao/Prototypes/CMPE295/public/js/handlebar-helpers/helpers.js
FN:1,(anonymous_1)
FN:2,(anonymous_2)
FN:6,(anonymous_3)
FN:10,(anonymous_4)
FN:16,(anonymous_5)
FN:28,(anonymous_6)
FN:37,(anonymous_7)
FNF:7
FNH:2
FNDA:1,(anonymous_1)
FNDA:1,(anonymous_2)
FNDA:0,(anonymous_3)
FNDA:0,(anonymous_4)
FNDA:0,(anonymous_5)
FNDA:0,(anonymous_6)
FNDA:0,(anonymous_7)
DA:1,1
DA:2,1
DA:5,1
DA:7,0
DA:11,0
DA:12,0
DA:14,0
DA:19,0
DA:20,0
DA:21,0
DA:22,0
DA:24,0
DA:29,0
DA:30,0
DA:32,0
DA:38,0
DA:44,1
DA:46,0
DA:47,0
DA:51,1
DA:56,1
DA:57,0
DA:59,1
DA:60,1
LF:24
LH:8
BRDA:11,1,0,0
BRDA:11,1,1,0
BRDA:19,2,0,0
BRDA:19,2,1,0
BRDA:21,3,0,0
BRDA:21,3,1,0
BRDA:29,4,0,0
BRDA:29,4,1,0
BRDA:44,5,0,0
BRDA:44,5,1,1
BRDA:44,6,0,1
BRDA:44,6,1,0
BRDA:56,7,0,0
BRDA:56,7,1,1
BRF:14
BRH:3
end_of_record
